GROUP,PACKAGE,CLASS,INSTRUCTION_MISSED,INSTRUCTION_COVERED,BRANCH_MISSED,BRANCH_COVERED,LINE_MISSED,LINE_COVERED,COMPLEXITY_MISSED,COMPLEXITY_COVERED,METHOD_MISSED,METHOD_COVERED
hugegraph-test/hugegraph-core,org.apache.hugegraph.schema,SchemaLabel,297,0,32,0,66,0,41,0,25,0
hugegraph-test/hugegraph-core,org.apache.hugegraph.schema,EdgeLabel,196,0,24,0,39,0,32,0,20,0
hugegraph-test/hugegraph-core,org.apache.hugegraph.schema,SchemaManager,306,0,18,0,59,0,29,0,20,0
hugegraph-test/hugegraph-core,org.apache.hugegraph.schema,SchemaElement,250,0,24,0,51,0,34,0,22,0
hugegraph-test/hugegraph-core,org.apache.hugegraph.schema,IndexLabel,423,0,54,0,88,0,57,0,22,0
hugegraph-test/hugegraph-core,org.apache.hugegraph.schema,VertexLabel,109,0,6,0,23,0,16,0,13,0
hugegraph-test/hugegraph-core,org.apache.hugegraph.schema,SchemaElement.TaskWithSchema,66,0,0,0,19,0,7,0,7,0
hugegraph-test/hugegraph-core,org.apache.hugegraph.schema,Userdata,52,0,9,0,16,0,8,0,3,0
hugegraph-test/hugegraph-core,org.apache.hugegraph.schema,PropertyKey,594,0,81,0,139,0,73,0,29,0
hugegraph-test/hugegraph-core,org.apache.hugegraph.job.schema,IndexLabelRemoveJob,78,0,4,0,25,0,6,0,4,0
hugegraph-test/hugegraph-core,org.apache.hugegraph.job.schema,OlapPropertyKeyClearJob,105,0,8,0,32,0,9,0,5,0
hugegraph-test/hugegraph-core,org.apache.hugegraph.job.schema,OlapPropertyKeyRemoveJob,37,0,2,0,11,0,4,0,3,0
hugegraph-test/hugegraph-core,org.apache.hugegraph.job.schema,IndexLabelRebuildJob,335,0,37,0,82,0,29,0,9,0
hugegraph-test/hugegraph-core,org.apache.hugegraph.job.schema,OlapPropertyKeyCreateJob,25,0,0,0,7,0,3,0,3,0
hugegraph-test/hugegraph-core,org.apache.hugegraph.job.schema,EdgeLabelRemoveJob,93,0,6,0,28,0,7,0,4,0
hugegraph-test/hugegraph-core,org.apache.hugegraph.job.schema,VertexLabelRemoveJob,128,0,10,0,34,0,9,0,4,0
hugegraph-test/hugegraph-core,org.apache.hugegraph.job.schema,SchemaJob,198,0,12,0,34,0,14,0,8,0
hugegraph-test/hugegraph-core,org.apache.hugegraph.type,HugeType,641,0,102,0,64,0,75,0,24,0
hugegraph-test/hugegraph-core,org.apache.hugegraph.version,CoreVersion,15,0,0,0,6,0,3,0,3,0
hugegraph-test/hugegraph-core,org.apache.hugegraph.util.collection,Int2IntsMap,320,0,22,0,70,0,21,0,10,0
hugegraph-test/hugegraph-core,org.apache.hugegraph.util.collection,IntIterator,33,0,0,0,6,0,5,0,5,0
hugegraph-test/hugegraph-core,org.apache.hugegraph.util.collection,IntIterator.ArrayIntIterator,30,0,2,0,6,0,4,0,3,0
hugegraph-test/hugegraph-core,org.apache.hugegraph.util.collection,IntMapByDynamicHash.Entry,64,0,0,0,21,0,7,0,7,0
hugegraph-test/hugegraph-core,org.apache.hugegraph.util.collection,IntMapByDynamicHash.HashIterator,214,0,30,0,46,0,19,0,4,0
hugegraph-test/hugegraph-core,org.apache.hugegraph.util.collection,IntMap.IntMapByFixedAddr.ValueIterator,106,0,12,0,26,0,9,0,3,0
hugegraph-test/hugegraph-core,org.apache.hugegraph.util.collection,IntIterator.EmptyIntIterator,9,0,0,0,3,0,3,0,3,0
hugegraph-test/hugegraph-core,org.apache.hugegraph.util.collection,IntMap.IntMapByFixedAddr.KeyIterator,113,0,14,0,28,0,11,0,4,0
hugegraph-test/hugegraph-core,org.apache.hugegraph.util.collection,IntSet.IntSetByFixedAddr,205,0,18,0,45,0,17,0,8,0
hugegraph-test/hugegraph-core,org.apache.hugegraph.util.collection,IntMapByDynamicHash.IteratorState,25,0,0,0,9,0,2,0,2,0
hugegraph-test/hugegraph-core,org.apache.hugegraph.util.collection,IntMap,3,0,0,0,1,0,1,0,1,0
hugegraph-test/hugegraph-core,org.apache.hugegraph.util.collection,IntMapByDynamicHash.ValueIterator,11,0,0,0,2,0,2,0,2,0
hugegraph-test/hugegraph-core,org.apache.hugegraph.util.collection,ObjectIntMappingFactory.SingleThreadObjectIntMapping,107,0,18,0,27,0,15,0,6,0
hugegraph-test/hugegraph-core,org.apache.hugegraph.util.collection,IntMap.IntMapBySegments,448,0,46,0,85,0,40,0,17,0
hugegraph-test/hugegraph-core,org.apache.hugegraph.util.collection,IntSet.IntSetByFixedAddrByHppc,40,0,0,0,12,0,7,0,7,0
hugegraph-test/hugegraph-core,org.apache.hugegraph.util.collection,IntMap.IntMapByEcSegment,183,0,10,0,33,0,17,0,12,0
hugegraph-test/hugegraph-core,org.apache.hugegraph.util.collection,IntSet.IntSetByEcSegment,106,0,6,0,20,0,11,0,8,0
hugegraph-test/hugegraph-core,org.apache.hugegraph.util.collection,IntIterator.MapperInt2ObjectIterator,20,0,0,0,6,0,3,0,3,0
hugegraph-test/hugegraph-core,org.apache.hugegraph.util.collection,IntMapByDynamicHash.KeyIterator,11,0,0,0,2,0,2,0,2,0
hugegraph-test/hugegraph-core,org.apache.hugegraph.util.collection,IntSet,85,0,4,0,18,0,6,0,4,0
hugegraph-test/hugegraph-core,org.apache.hugegraph.util.collection,IntIterator.EcIntIterator,14,0,0,0,5,0,3,0,3,0
hugegraph-test/hugegraph-core,org.apache.hugegraph.util.collection,IntSet.IntSetBySegments,332,0,30,0,65,0,28,0,13,0
hugegraph-test/hugegraph-core,org.apache.hugegraph.util.collection,IntIterator.MapperInt2IntIterator,20,0,0,0,6,0,3,0,3,0
hugegraph-test/hugegraph-core,org.apache.hugegraph.util.collection,IntMap.IntMapByFixedAddr,338,0,38,0,79,0,32,0,13,0
hugegraph-test/hugegraph-core,org.apache.hugegraph.util.collection,ObjectIntMappingFactory,16,0,2,0,4,0,4,0,3,0
hugegraph-test/hugegraph-core,org.apache.hugegraph.util.collection,IntIterator.IntIterators,81,0,14,0,21,0,12,0,5,0
hugegraph-test/hugegraph-core,org.apache.hugegraph.util.collection,CollectionFactory,417,0,42,0,74,0,58,0,28,0
hugegraph-test/hugegraph-core,org.apache.hugegraph.util.collection,IdSet,105,0,12,0,24,0,14,0,8,0
hugegraph-test/hugegraph-core,org.apache.hugegraph.util.collection,IntIterator.new Iterator() {...},15,0,0,0,3,0,3,0,3,0
hugegraph-test/hugegraph-core,org.apache.hugegraph.util.collection,IntSet.IntSetByFixedAddr4Unsigned,321,0,36,0,76,0,30,0,12,0
hugegraph-test/hugegraph-core,org.apache.hugegraph.util.collection,IdSet.EcLongIdIterator,19,0,0,0,7,0,4,0,4,0
hugegraph-test/hugegraph-core,org.apache.hugegraph.util.collection,IntMapByDynamicHash,1297,0,204,0,340,0,137,0,35,0
hugegraph-test/hugegraph-core,org.apache.hugegraph.util.collection,ObjectIntMappingFactory.ConcurrentObjectIntMapping,26,0,0,0,8,0,5,0,5,0
hugegraph-test/hugegraph-core,org.apache.hugegraph.util.collection,IntMapByDynamicHash.ResizeContainer,123,0,18,0,37,0,18,0,9,0
hugegraph-test/hugegraph-core,org.apache.hugegraph.traversal.algorithm.steps,RepeatEdgeStep,108,0,0,0,34,0,14,0,14,0
hugegraph-test/hugegraph-core,org.apache.hugegraph.traversal.algorithm.steps,EdgeStep,192,0,14,0,42,0,23,0,16,0
hugegraph-test/hugegraph-core,org.apache.hugegraph.traversal.algorithm.steps,WeightedEdgeStep,128,0,10,0,28,0,15,0,10,0
hugegraph-test/hugegraph-core,org.apache.hugegraph.traversal.algorithm.steps,Steps,283,0,40,0,48,0,35,0,15,0
hugegraph-test/hugegraph-core,org.apache.hugegraph.traversal.algorithm.steps,Steps.StepEntity,41,0,0,0,9,0,5,0,5,0
hugegraph-test/hugegraph-core,org.apache.hugegraph.traversal.algorithm.iterator,NestedIterator,346,0,40,0,74,0,33,0,13,0
hugegraph-test/hugegraph-core,org.apache.hugegraph.variables,HugeVariables,899,0,56,0,194,0,46,0,18,0
hugegraph-test/hugegraph-core,org.apache.hugegraph.job,UserJob,16,0,0,0,8,0,4,0,4,0
hugegraph-test/hugegraph-core,org.apache.hugegraph.job,AlgorithmJob,90,0,4,0,20,0,6,0,4,0
hugegraph-test/hugegraph-core,org.apache.hugegraph.job,ComputerJob,97,0,4,0,21,0,7,0,5,0
hugegraph-test/hugegraph-core,org.apache.hugegraph.job,GremlinJob.GremlinJobProxy,20,0,0,0,6,0,4,0,4,0
hugegraph-test/hugegraph-core,org.apache.hugegraph.job,JobBuilder,120,0,8,0,30,0,12,0,8,0
hugegraph-test/hugegraph-core,org.apache.hugegraph.job,GremlinJob,180,0,8,0,43,0,8,0,4,0
hugegraph-test/hugegraph-core,org.apache.hugegraph.job,EphemeralJob,6,0,0,0,2,0,2,0,2,0
hugegraph-test/hugegraph-core,org.apache.hugegraph.job,EphemeralJobBuilder,88,0,4,0,24,0,10,0,8,0
hugegraph-test/hugegraph-core,org.apache.hugegraph.job,SysJob,16,0,0,0,8,0,4,0,4,0
hugegraph-test/hugegraph-core,org.apache.hugegraph.job.algorithm.similarity,FusiformSimilarityAlgorithm,174,0,12,0,59,0,17,0,11,0
hugegraph-test/hugegraph-core,org.apache.hugegraph.job.algorithm.similarity,FusiformSimilarityAlgorithm.Traverser,115,0,6,0,22,0,6,0,3,0
hugegraph-test/hugegraph-core,org.apache.hugegraph,StandardHugeGraph.HugeGraphCacheNotifier,5,0,0,0,2,0,1,0,1,0
hugegraph-test/hugegraph-core,org.apache.hugegraph,StandardHugeGraph.SysTransaction,8,0,0,0,3,0,1,0,1,0
hugegraph-test/hugegraph-core,org.apache.hugegraph,HugeException,52,0,8,0,15,0,11,0,7,0
hugegraph-test/hugegraph-core,org.apache.hugegraph,StandardHugeGraph.HugeSchemaCacheNotifier,5,0,0,0,2,0,1,0,1,0
hugegraph-test/hugegraph-core,org.apache.hugegraph,HugeGraph,219,0,14,0,49,0,15,0,8,0
hugegraph-test/hugegraph-core,org.apache.hugegraph,StandardHugeGraph.Txs,91,0,6,0,29,0,11,0,8,0
hugegraph-test/hugegraph-core,org.apache.hugegraph,HugeFactory,280,0,22,0,67,0,25,0,14,0
hugegraph-test/hugegraph-core,org.apache.hugegraph,StandardHugeGraph.AbstractCacheNotifier,192,0,12,0,32,0,13,0,7,0
hugegraph-test/hugegraph-core,org.apache.hugegraph,StandardHugeGraph,1839,0,110,0,418,0,177,0,122,0
hugegraph-test/hugegraph-core,org.apache.hugegraph,StandardHugeGraph.StandardHugeGraphParams,134,0,0,0,35,0,30,0,30,0
hugegraph-test/hugegraph-core,org.apache.hugegraph,StandardHugeGraph.TinkerPopTransaction,266,0,22,0,82,0,36,0,25,0
hugegraph-test/hugegraph-core,org.apache.hugegraph.job.computer,AbstractComputer,495,0,40,0,101,0,36,0,16,0
hugegraph-test/hugegraph-core,org.apache.hugegraph.job.computer,ComputerPool,70,0,2,0,14,0,6,0,5,0
hugegraph-test/hugegraph-core,org.apache.hugegraph.job.computer,WeakConnectedComponentComputer,24,0,0,0,8,0,5,0,5,0
hugegraph-test/hugegraph-core,org.apache.hugegraph.job.computer,LpaComputer,71,0,6,0,19,0,9,0,6,0
hugegraph-test/hugegraph-core,org.apache.hugegraph.job.computer,TriangleCountComputer,23,0,0,0,8,0,5,0,5,0
hugegraph-test/hugegraph-core,org.apache.hugegraph.job.computer,LouvainComputer,156,0,14,0,45,0,18,0,11,0
hugegraph-test/hugegraph-core,org.apache.hugegraph.job.computer,PageRankComputer,67,0,6,0,16,0,9,0,6,0
hugegraph-test/hugegraph-core,org.apache.hugegraph.type.define,IndexType,258,0,45,0,38,0,38,0,12,0
hugegraph-test/hugegraph-core,org.apache.hugegraph.type.define,GraphReadMode,76,0,6,0,12,0,8,0,5,0
hugegraph-test/hugegraph-core,org.apache.hugegraph.type.define,Cardinality,108,0,12,0,20,0,14,0,7,0
hugegraph-test/hugegraph-core,org.apache.hugegraph.type.define,WriteType,106,0,10,0,18,0,11,0,6,0
hugegraph-test/hugegraph-core,org.apache.hugegraph.type.define,SerialEnum,88,0,4,0,25,0,6,0,4,0
hugegraph-test/hugegraph-core,org.apache.hugegraph.type.define,DataType,552,0,86,0,101,0,62,0,17,0
hugegraph-test/hugegraph-core,org.apache.hugegraph.type.define,HugeKeys,576,0,2,0,55,0,5,0,4,0
hugegraph-test/hugegraph-core,org.apache.hugegraph.type.define,GraphMode,95,0,8,0,14,0,10,0,6,0
hugegraph-test/hugegraph-core,org.apache.hugegraph.type.define,CollectionType,88,0,6,0,18,0,9,0,5,0
hugegraph-test/hugegraph-core,org.apache.hugegraph.type.define,Directions,176,0,20,0,36,0,22,0,9,0
hugegraph-test/hugegraph-core,org.apache.hugegraph.type.define,AggregateType,204,0,34,0,27,0,31,0,14,0
hugegraph-test/hugegraph-core,org.apache.hugegraph.type.define,Frequency,74,0,2,0,15,0,5,0,4,0
hugegraph-test/hugegraph-core,org.apache.hugegraph.type.define,SchemaStatus,127,0,8,0,20,0,10,0,6,0
hugegraph-test/hugegraph-core,org.apache.hugegraph.type.define,NodeRole,89,0,8,0,16,0,11,0,7,0
hugegraph-test/hugegraph-core,org.apache.hugegraph.type.define,Action,130,0,9,0,24,0,12,0,5,0
hugegraph-test/hugegraph-core,org.apache.hugegraph.type.define,IdStrategy,137,0,12,0,21,0,13,0,7,0
hugegraph-test/hugegraph-core,org.apache.hugegraph.traversal.algorithm.strategy,ConcurrentTraverseStrategy,55,0,2,0,15,0,8,0,7,0
hugegraph-test/hugegraph-core,org.apache.hugegraph.traversal.algorithm.strategy,SingleTraverseStrategy,57,0,4,0,15,0,8,0,6,0
hugegraph-test/hugegraph-core,org.apache.hugegraph.traversal.algorithm.strategy,TraverseStrategy,12,0,2,0,2,0,2,0,1,0
hugegraph-test/hugegraph-core,org.apache.hugegraph.auth,HugeProject.Schema,106,0,2,0,22,0,4,0,3,0
hugegraph-test/hugegraph-core,org.apache.hugegraph.auth,HugeTarget.Schema,79,0,2,0,20,0,4,0,3,0
hugegraph-test/hugegraph-core,org.apache.hugegraph.auth,HugeBelong.P,28,0,2,0,9,0,4,0,3,0
hugegraph-test/hugegraph-core,org.apache.hugegraph.auth,ResourceType,347,0,40,0,47,0,31,0,8,0
hugegraph-test/hugegraph-core,org.apache.hugegraph.auth,HugeTarget.P,27,0,2,0,8,0,4,0,3,0
hugegraph-test/hugegraph-core,org.apache.hugegraph.auth,HugeTarget,325,0,23,0,73,0,34,0,21,0
hugegraph-test/hugegraph-core,org.apache.hugegraph.auth,HugeResource,464,0,84,0,108,0,59,0,17,0
hugegraph-test/hugegraph-core,org.apache.hugegraph.auth,HugeGroup.P,27,0,2,0,8,0,4,0,3,0
hugegraph-test/hugegraph-core,org.apache.hugegraph.auth,HugeAccess,231,0,13,0,53,0,25,0,18,0
hugegraph-test/hugegraph-core,org.apache.hugegraph.auth,HugeResource.HugeResourceSer,24,0,0,0,8,0,2,0,2,0
hugegraph-test/hugegraph-core,org.apache.hugegraph.auth,RolePermission.RolePermissionDeser.new TypeReference() {...},6,0,0,0,1,0,1,0,1,0
hugegraph-test/hugegraph-core,org.apache.hugegraph.auth,HugeUser.Schema,93,0,2,0,21,0,4,0,3,0
hugegraph-test/hugegraph-core,org.apache.hugegraph.auth,SchemaDefine.Entity,80,0,2,0,16,0,4,0,3,0
hugegraph-test/hugegraph-core,org.apache.hugegraph.auth,HugeResource.NameObject,23,0,0,0,7,0,5,0,5,0
hugegraph-test/hugegraph-core,org.apache.hugegraph.auth,TokenGenerator,60,0,0,0,18,0,3,0,3,0
hugegraph-test/hugegraph-core,org.apache.hugegraph.auth,RolePermission.RolePermissionSer,14,0,0,0,6,0,2,0,2,0
hugegraph-test/hugegraph-core,org.apache.hugegraph.auth,HugePermission,129,0,8,0,20,0,10,0,6,0
hugegraph-test/hugegraph-core,org.apache.hugegraph.auth,UserWithRole,27,0,0,0,10,0,5,0,5,0
hugegraph-test/hugegraph-core,org.apache.hugegraph.auth,RolePermission.RolePermissionDeser,30,0,2,0,7,0,3,0,2,0
hugegraph-test/hugegraph-core,org.apache.hugegraph.auth,HugeBelong.Schema,57,0,2,0,17,0,4,0,3,0
hugegraph-test/hugegraph-core,org.apache.hugegraph.auth,SchemaDefine.Relationship,88,0,2,0,17,0,4,0,3,0
hugegraph-test/hugegraph-core,org.apache.hugegraph.auth,EntityManager,376,0,26,0,76,0,33,0,20,0
hugegraph-test/hugegraph-core,org.apache.hugegraph.auth,RolePermission,278,0,32,0,72,0,33,0,17,0
hugegraph-test/hugegraph-core,org.apache.hugegraph.auth,HugeBelong,170,0,8,0,40,0,19,0,15,0
hugegraph-test/hugegraph-core,org.apache.hugegraph.auth,SchemaDefine,157,0,0,0,31,0,11,0,11,0
hugegraph-test/hugegraph-core,org.apache.hugegraph.auth,HugeProject.P,24,0,2,0,7,0,4,0,3,0
hugegraph-test/hugegraph-core,org.apache.hugegraph.auth,SchemaDefine.AuthElement,268,0,20,0,49,0,24,0,14,0
hugegraph-test/hugegraph-core,org.apache.hugegraph.auth,HugeAccess.Schema,71,0,2,0,19,0,4,0,3,0
hugegraph-test/hugegraph-core,org.apache.hugegraph.auth,HugeUser,320,0,28,0,80,0,40,0,24,0
hugegraph-test/hugegraph-core,org.apache.hugegraph.auth,ResourceObject,121,0,2,0,29,0,10,0,9,0
hugegraph-test/hugegraph-core,org.apache.hugegraph.auth,HugeResource.HugeResourceDeser,84,0,14,0,22,0,9,0,2,0
hugegraph-test/hugegraph-core,org.apache.hugegraph.auth,HugeGroup.Schema,67,0,2,0,18,0,4,0,3,0
hugegraph-test/hugegraph-core,org.apache.hugegraph.auth,HugeResource.new TypeReference() {...},3,0,0,0,1,0,1,0,1,0
hugegraph-test/hugegraph-core,org.apache.hugegraph.auth,HugeGroup,190,0,13,0,44,0,21,0,14,0
hugegraph-test/hugegraph-core,org.apache.hugegraph.auth,RelationshipManager,475,0,36,0,104,0,40,0,22,0
hugegraph-test/hugegraph-core,org.apache.hugegraph.auth,HugeProject,410,0,39,0,93,0,44,0,22,0
hugegraph-test/hugegraph-core,org.apache.hugegraph.auth,HugeUser.P,27,0,2,0,8,0,4,0,3,0
hugegraph-test/hugegraph-core,org.apache.hugegraph.auth,StandardAuthManager,1449,0,58,0,304,0,95,0,66,0
hugegraph-test/hugegraph-core,org.apache.hugegraph.auth,HugeAccess.P,28,0,2,0,9,0,4,0,3,0
hugegraph-test/hugegraph-core,org.apache.hugegraph.traversal.optimize,QueryHolder,53,0,2,0,16,0,8,0,7,0
hugegraph-test/hugegraph-core,org.apache.hugegraph.traversal.optimize,HugeCountStep,84,0,10,0,18,0,9,0,4,0
hugegraph-test/hugegraph-core,org.apache.hugegraph.traversal.optimize,Text,10,0,0,0,3,0,3,0,3,0
hugegraph-test/hugegraph-core,org.apache.hugegraph.traversal.optimize,HugePrimaryKeyStrategy,156,0,26,0,42,0,18,0,5,0
hugegraph-test/hugegraph-core,org.apache.hugegraph.traversal.optimize,HugeGraphStepStrategy,54,0,2,0,16,0,5,0,4,0
hugegraph-test/hugegraph-core,org.apache.hugegraph.traversal.optimize,HugeVertexStep,402,0,54,0,87,0,44,0,17,0
hugegraph-test/hugegraph-core,org.apache.hugegraph.traversal.optimize,HugeCountStepStrategy,128,0,30,0,33,0,21,0,6,0
hugegraph-test/hugegraph-core,org.apache.hugegraph.traversal.optimize,HugeScriptTraversal,156,0,8,0,40,0,8,0,4,0
hugegraph-test/hugegraph-core,org.apache.hugegraph.traversal.optimize,HugeVertexStepStrategy,138,0,26,0,41,0,18,0,5,0
hugegraph-test/hugegraph-core,org.apache.hugegraph.traversal.optimize,HugeVertexStepByBatch,180,0,24,0,44,0,21,0,9,0
hugegraph-test/hugegraph-core,org.apache.hugegraph.traversal.optimize,TraversalUtil,2344,0,374,0,515,0,266,0,62,0
hugegraph-test/hugegraph-core,org.apache.hugegraph.traversal.optimize,HugeGraphStep,358,0,46,0,87,0,40,0,17,0
hugegraph-test/hugegraph-core,org.apache.hugegraph.traversal.optimize,ConditionP,35,0,0,0,7,0,6,0,6,0
hugegraph-test/hugegraph-core,org.apache.hugegraph.backend.serializer,TableSerializer,1649,0,92,0,357,0,87,0,41,0
hugegraph-test/hugegraph-core,org.apache.hugegraph.backend.serializer,TableBackendEntry,220,0,4,0,63,0,35,0,33,0
hugegraph-test/hugegraph-core,org.apache.hugegraph.backend.serializer,BinaryEntryIterator,239,0,38,0,54,0,28,0,9,0
hugegraph-test/hugegraph-core,org.apache.hugegraph.backend.serializer,SerializerFactory,149,0,12,0,27,0,11,0,4,0
hugegraph-test/hugegraph-core,org.apache.hugegraph.backend.serializer,BinaryScatterSerializer,116,0,10,0,29,0,9,0,4,0
hugegraph-test/hugegraph-core,org.apache.hugegraph.backend.serializer,BinarySerializer,2279,0,274,0,486,0,198,0,61,0
hugegraph-test/hugegraph-core,org.apache.hugegraph.backend.serializer,BinaryBackendEntry.BinaryId,99,0,4,0,20,0,15,0,13,0
hugegraph-test/hugegraph-core,org.apache.hugegraph.backend.serializer,BinaryBackendEntry,272,0,24,0,70,0,38,0,26,0
hugegraph-test/hugegraph-core,org.apache.hugegraph.backend.serializer,BinarySerializer.SchemaSerializer,916,0,22,0,187,0,41,0,30,0
hugegraph-test/hugegraph-core,org.apache.hugegraph.backend.serializer,BytesBuffer,2205,0,261,0,443,0,222,0,78,0
hugegraph-test/hugegraph-core,org.apache.hugegraph.backend.serializer,MergeIterator,164,0,24,0,37,0,17,0,5,0
hugegraph-test/hugegraph-core,org.apache.hugegraph.backend.serializer,TextBackendEntry,725,0,64,0,168,0,68,0,36,0
hugegraph-test/hugegraph-core,org.apache.hugegraph.backend.serializer,AbstractSerializer,102,0,22,0,27,0,15,0,4,0
hugegraph-test/hugegraph-core,org.apache.hugegraph.backend.serializer,TableBackendEntry.Row,160,0,10,0,36,0,18,0,12,0
hugegraph-test/hugegraph-core,org.apache.hugegraph.backend.serializer,TextSerializer,2157,0,142,0,459,0,130,0,59,0
hugegraph-test/hugegraph-core,org.apache.hugegraph.backend.store,BackendSession,2,0,0,0,2,0,2,0,2,0
hugegraph-test/hugegraph-core,org.apache.hugegraph.backend.store,BackendMutation.MutationTable,190,0,22,0,46,0,21,0,10,0
hugegraph-test/hugegraph-core,org.apache.hugegraph.backend.store,BackendEntry.BackendColumnIterator.BackendColumnIteratorWrapper,24,0,0,0,9,0,5,0,5,0
hugegraph-test/hugegraph-core,org.apache.hugegraph.backend.store,SystemSchemaStore,99,0,6,0,23,0,9,0,6,0
hugegraph-test/hugegraph-core,org.apache.hugegraph.backend.store,BackendEntry.BackendColumnIterator.EmptyIterator,12,0,0,0,5,0,5,0,5,0
hugegraph-test/hugegraph-core,org.apache.hugegraph.backend.store,Shard,54,0,0,0,16,0,8,0,8,0
hugegraph-test/hugegraph-core,org.apache.hugegraph.backend.store,BackendMutation,377,0,61,0,87,0,50,0,18,0
hugegraph-test/hugegraph-core,org.apache.hugegraph.backend.store,BackendStore.TxState,64,0,0,0,2,0,1,0,1,0
hugegraph-test/hugegraph-core,org.apache.hugegraph.backend.store,BackendStoreInfo,55,0,2,0,14,0,5,0,4,0
hugegraph-test/hugegraph-core,org.apache.hugegraph.backend.store,BackendEntry.BackendColumnIterator,17,0,0,0,4,0,4,0,4,0
hugegraph-test/hugegraph-core,org.apache.hugegraph.backend.store,BackendEntryIterator.EmptyIterator,9,0,0,0,5,0,4,0,4,0
hugegraph-test/hugegraph-core,org.apache.hugegraph.backend.store,BackendSession.AbstractBackendSession,69,0,4,0,19,0,13,0,11,0
hugegraph-test/hugegraph-core,org.apache.hugegraph.backend.store,BackendEntry.BackendColumnIterator.OneColumnIterator,39,0,6,0,13,0,9,0,6,0
hugegraph-test/hugegraph-core,org.apache.hugegraph.backend.store,BackendTable.ShardSplitter,213,0,12,0,36,0,13,0,7,0
hugegraph-test/hugegraph-core,org.apache.hugegraph.backend.store,AbstractBackendStore,90,0,4,0,20,0,10,0,8,0
hugegraph-test/hugegraph-core,org.apache.hugegraph.backend.store,BackendEntry,9,0,0,0,2,0,2,0,2,0
hugegraph-test/hugegraph-core,org.apache.hugegraph.backend.store,BackendFeatures,6,0,0,0,3,0,3,0,3,0
hugegraph-test/hugegraph-core,org.apache.hugegraph.backend.store,BackendEntry.BackendColumn,74,0,8,0,18,0,10,0,6,0
hugegraph-test/hugegraph-core,org.apache.hugegraph.backend.store,BackendTable,142,0,28,0,39,0,24,0,10,0
hugegraph-test/hugegraph-core,org.apache.hugegraph.backend.store,TableDefine,107,0,10,0,28,0,14,0,9,0
hugegraph-test/hugegraph-core,org.apache.hugegraph.backend.store,BackendSessionPool,328,0,32,0,71,0,27,0,11,0
hugegraph-test/hugegraph-core,org.apache.hugegraph.backend.store,MetaDispatcher,41,0,2,0,8,0,4,0,3,0
hugegraph-test/hugegraph-core,org.apache.hugegraph.backend.store,BackendEntryIterator,274,0,34,0,73,0,33,0,16,0
hugegraph-test/hugegraph-core,org.apache.hugegraph.backend.store,BackendProviderFactory,184,0,10,0,41,0,10,0,5,0
hugegraph-test/hugegraph-core,org.apache.hugegraph.backend.store,BackendStore,170,0,10,0,42,0,15,0,10,0
hugegraph-test/hugegraph-core,org.apache.hugegraph.backend.store,BackendTable.ShardSplitter.Range,428,0,46,0,92,0,34,0,11,0
hugegraph-test/hugegraph-core,org.apache.hugegraph.backend.store,AbstractBackendStoreProvider,420,0,30,0,106,0,38,0,23,0
hugegraph-test/hugegraph-core,org.apache.hugegraph.backend.store,BackendAction,36,0,0,0,8,0,5,0,5,0
hugegraph-test/hugegraph-core,org.apache.hugegraph.job.system,DeleteExpiredJob,116,0,14,0,32,0,11,0,4,0
hugegraph-test/hugegraph-core,org.apache.hugegraph.job.system,JobCounters,37,0,2,0,7,0,3,0,2,0
hugegraph-test/hugegraph-core,org.apache.hugegraph.job.system,DeleteExpiredIndexJob,126,0,14,0,35,0,11,0,4,0
hugegraph-test/hugegraph-core,org.apache.hugegraph.job.system,JobCounters.JobCounter,117,0,14,0,30,0,18,0,11,0
hugegraph-test/hugegraph-core,org.apache.hugegraph.job.system,DeleteExpiredElementJob,64,0,6,0,18,0,6,0,3,0
hugegraph-test/hugegraph-core,org.apache.hugegraph.backend.store.raft,StoreSerializer,267,0,16,0,63,0,15,0,7,0
hugegraph-test/hugegraph-core,org.apache.hugegraph.backend.store.raft,StoreCommand,119,0,4,0,29,0,13,0,11,0
hugegraph-test/hugegraph-core,org.apache.hugegraph.backend.store.raft,RaftAddPeerJob,42,0,0,0,9,0,3,0,3,0
hugegraph-test/hugegraph-core,org.apache.hugegraph.backend.store.raft,RaftGroupManagerImpl,264,0,14,0,68,0,16,0,9,0
hugegraph-test/hugegraph-core,org.apache.hugegraph.backend.store.raft,RaftContext,795,0,38,0,192,0,52,0,33,0
hugegraph-test/hugegraph-core,org.apache.hugegraph.backend.store.raft,RaftBackendStore.MutationBatch,19,0,0,0,7,0,3,0,3,0
hugegraph-test/hugegraph-core,org.apache.hugegraph.backend.store.raft,RaftNode.LeaderInfo,16,0,0,0,5,0,2,0,2,0
hugegraph-test/hugegraph-core,org.apache.hugegraph.backend.store.raft,StoreStateMachine,446,0,28,0,111,0,35,0,18,0
hugegraph-test/hugegraph-core,org.apache.hugegraph.backend.store.raft,RaftNode.new ReadIndexClosure() {...},13,0,0,0,3,0,2,0,2,0
hugegraph-test/hugegraph-core,org.apache.hugegraph.backend.store.raft,RaftClosure,115,0,4,0,29,0,11,0,9,0
hugegraph-test/hugegraph-core,org.apache.hugegraph.backend.store.raft,RaftBackendStoreProvider,425,0,34,0,106,0,46,0,29,0
hugegraph-test/hugegraph-core,org.apache.hugegraph.backend.store.raft,RaftNode,510,0,30,0,122,0,33,0,18,0
hugegraph-test/hugegraph-core,org.apache.hugegraph.backend.store.raft,RaftNode.RaftStateListener,99,0,16,0,27,0,15,0,7,0
hugegraph-test/hugegraph-core,org.apache.hugegraph.backend.store.raft,StoreSnapshotFile,600,0,22,0,117,0,21,0,10,0
hugegraph-test/hugegraph-core,org.apache.hugegraph.backend.store.raft,RaftResult,49,0,0,0,16,0,9,0,9,0
hugegraph-test/hugegraph-core,org.apache.hugegraph.backend.store.raft,RaftBackendStore,323,0,12,0,76,0,41,0,35,0
hugegraph-test/hugegraph-core,org.apache.hugegraph.backend.store.raft,RaftStoreClosure,12,0,0,0,5,0,2,0,2,0
hugegraph-test/hugegraph-core,org.apache.hugegraph.backend.store.raft,RaftException,34,0,2,0,13,0,7,0,6,0
hugegraph-test/hugegraph-core,org.apache.hugegraph.backend.store.raft,RaftBackendStore.IncrCounter,15,0,0,0,6,0,3,0,3,0
hugegraph-test/hugegraph-core,org.apache.hugegraph.backend.store.raft,RaftBackendStore.new ReadIndexClosure() {...},47,0,2,0,5,0,4,0,3,0
hugegraph-test/hugegraph-core,org.apache.hugegraph.backend.store.raft,RaftRemovePeerJob,42,0,0,0,9,0,3,0,3,0
hugegraph-test/hugegraph-core,org.apache.hugegraph.plugin,HugeGraphPlugin,16,0,0,0,8,0,4,0,4,0
hugegraph-test/hugegraph-core,org.apache.hugegraph.plugin,HugeGraphGremlinPlugin,62,0,0,0,15,0,4,0,4,0
hugegraph-test/hugegraph-core,org.apache.hugegraph.backend,LocalCounter,108,0,12,0,29,0,11,0,5,0
hugegraph-test/hugegraph-core,org.apache.hugegraph.backend,BackendException,34,0,2,0,13,0,7,0,6,0
hugegraph-test/hugegraph-core,org.apache.hugegraph.task,EphemeralJobQueue.BatchEphemeralJob,199,0,38,0,68,0,25,0,6,0
hugegraph-test/hugegraph-core,org.apache.hugegraph.task,TaskManager.ContextCallable,22,0,0,0,8,0,2,0,2,0
hugegraph-test/hugegraph-core,org.apache.hugegraph.task,TaskCallable.new TaskCallable() {...},9,0,0,0,2,0,2,0,2,0
hugegraph-test/hugegraph-core,org.apache.hugegraph.task,EphemeralJobQueue,102,0,6,0,33,0,12,0,9,0
hugegraph-test/hugegraph-core,org.apache.hugegraph.task,TaskCallable,212,0,20,0,61,0,26,0,16,0
hugegraph-test/hugegraph-core,org.apache.hugegraph.task,ServerInfoManager,787,0,104,0,190,0,89,0,37,0
hugegraph-test/hugegraph-core,org.apache.hugegraph.task,HugeServerInfo.Schema,195,0,4,0,43,0,12,0,10,0
hugegraph-test/hugegraph-core,org.apache.hugegraph.task,HugeTask,1306,0,139,0,316,0,135,0,59,0
hugegraph-test/hugegraph-core,org.apache.hugegraph.task,EphemeralJobQueue.State,24,0,0,0,3,0,1,0,1,0
hugegraph-test/hugegraph-core,org.apache.hugegraph.task,TaskManager,511,0,52,0,154,0,50,0,24,0
hugegraph-test/hugegraph-core,org.apache.hugegraph.task,TaskStatus,174,0,2,0,23,0,5,0,4,0
hugegraph-test/hugegraph-core,org.apache.hugegraph.task,HugeTask.P,27,0,2,0,8,0,4,0,3,0
hugegraph-test/hugegraph-core,org.apache.hugegraph.task,HugeServerInfo,370,0,21,0,87,0,35,0,23,0
hugegraph-test/hugegraph-core,org.apache.hugegraph.task,HugeServerInfo.P,27,0,2,0,8,0,4,0,3,0
hugegraph-test/hugegraph-core,org.apache.hugegraph.task,TaskCallable.SysTaskCallable,23,0,2,0,6,0,4,0,3,0
hugegraph-test/hugegraph-core,org.apache.hugegraph.task,StandardTaskScheduler.TaskTransaction,352,0,10,0,71,0,18,0,13,0
hugegraph-test/hugegraph-core,org.apache.hugegraph.task,StandardTaskScheduler,1484,0,164,0,336,0,132,0,50,0
hugegraph-test/hugegraph-core,org.apache.hugegraph.config,CoreOptions,785,0,2,0,197,0,3,0,2,0
hugegraph-test/hugegraph-core,org.apache.hugegraph.config,AuthOptions,116,0,2,0,26,0,3,0,2,0
hugegraph-test/hugegraph-core,org.apache.hugegraph.util,ConfigUtil,302,0,24,0,60,0,20,0,8,0
hugegraph-test/hugegraph-core,org.apache.hugegraph.util,Blob,74,0,2,0,18,0,9,0,8,0
hugegraph-test/hugegraph-core,org.apache.hugegraph.util,FixedWatchWindowRateLimiter,46,0,4,0,14,0,4,0,2,0
hugegraph-test/hugegraph-core,org.apache.hugegraph.util,LockUtil.Locks,149,0,10,0,29,0,14,0,9,0
hugegraph-test/hugegraph-core,org.apache.hugegraph.util,Consumers.StopExecution,9,0,0,0,4,0,2,0,2,0
hugegraph-test/hugegraph-core,org.apache.hugegraph.util,StringEncoding,306,0,28,0,64,0,33,0,19,0
hugegraph-test/hugegraph-core,org.apache.hugegraph.util,ParameterUtil,135,0,2,0,19,0,8,0,7,0
hugegraph-test/hugegraph-core,org.apache.hugegraph.util,JsonUtil.RawJson,9,0,0,0,4,0,2,0,2,0
hugegraph-test/hugegraph-core,org.apache.hugegraph.util,GZipUtil,87,0,4,0,27,0,6,0,4,0
hugegraph-test/hugegraph-core,org.apache.hugegraph.util,FixedTimerWindowRateLimiter.new TimerTask() {...},19,0,2,0,4,0,3,0,2,0
hugegraph-test/hugegraph-core,org.apache.hugegraph.util,Consumers.ExecutorPool,97,0,6,0,28,0,8,0,5,0
hugegraph-test/hugegraph-core,org.apache.hugegraph.util,JsonUtil,211,0,24,0,44,0,22,0,10,0
hugegraph-test/hugegraph-core,org.apache.hugegraph.util,KryoUtil,140,0,6,0,30,0,11,0,8,0
hugegraph-test/hugegraph-core,org.apache.hugegraph.util,JsonUtil.RawJsonSerializer,9,0,0,0,4,0,2,0,2,0
hugegraph-test/hugegraph-core,org.apache.hugegraph.util,CopyUtil,145,0,24,0,33,0,19,0,7,0
hugegraph-test/hugegraph-core,org.apache.hugegraph.util,LZ4Util,126,0,6,0,30,0,8,0,5,0
hugegraph-test/hugegraph-core,org.apache.hugegraph.util,CompressUtil,399,0,18,0,87,0,19,0,10,0
hugegraph-test/hugegraph-core,org.apache.hugegraph.util,Events,3,0,0,0,1,0,1,0,1,0
hugegraph-test/hugegraph-core,org.apache.hugegraph.util,RateLimiter,6,0,0,0,1,0,1,0,1,0
hugegraph-test/hugegraph-core,org.apache.hugegraph.util,Reflection,161,0,6,0,45,0,7,0,4,0
hugegraph-test/hugegraph-core,org.apache.hugegraph.util,FixedTimerWindowRateLimiter,40,0,2,0,10,0,3,0,2,0
hugegraph-test/hugegraph-core,org.apache.hugegraph.util,Consumers,542,0,58,0,147,0,50,0,21,0
hugegraph-test/hugegraph-core,org.apache.hugegraph.util,KryoUtil.new Serializer() {...},20,0,0,0,5,0,3,0,3,0
hugegraph-test/hugegraph-core,org.apache.hugegraph.util,LockUtil,413,0,16,0,85,0,26,0,16,0
hugegraph-test/hugegraph-core,org.apache.hugegraph.util,LockUtil.LocksTable,130,0,10,0,32,0,12,0,7,0
hugegraph-test/hugegraph-core,org.apache.hugegraph.util,CompressUtil.new SimpleFileVisitor() {...},66,0,4,0,16,0,6,0,4,0
hugegraph-test/hugegraph-core,org.apache.hugegraph.backend.id,SnowflakeIdGenerator,152,0,12,0,32,0,12,0,6,0
hugegraph-test/hugegraph-core,org.apache.hugegraph.backend.id,IdGenerator.ObjectId,54,0,2,0,16,0,12,0,11,0
hugegraph-test/hugegraph-core,org.apache.hugegraph.backend.id,SnowflakeIdGenerator.IdWorker,157,0,14,0,27,0,9,0,2,0
hugegraph-test/hugegraph-core,org.apache.hugegraph.backend.id,IdGenerator.LongId,85,0,6,0,25,0,19,0,16,0
hugegraph-test/hugegraph-core,org.apache.hugegraph.backend.id,SplicingIdGenerator,99,0,6,0,22,0,13,0,10,0
hugegraph-test/hugegraph-core,org.apache.hugegraph.backend.id,IdGenerator.StringId,76,0,6,0,22,0,15,0,12,0
hugegraph-test/hugegraph-core,org.apache.hugegraph.backend.id,IdGenerator,190,0,30,0,41,0,30,0,12,0
hugegraph-test/hugegraph-core,org.apache.hugegraph.backend.id,EdgeId,584,0,48,0,115,0,58,0,34,0
hugegraph-test/hugegraph-core,org.apache.hugegraph.backend.id,Id.IdType,94,0,11,0,16,0,10,0,3,0
hugegraph-test/hugegraph-core,org.apache.hugegraph.backend.id,IdGenerator.UuidId,120,0,8,0,32,0,18,0,14,0
hugegraph-test/hugegraph-core,org.apache.hugegraph.backend.id,IdUtil,296,0,28,0,51,0,27,0,11,0
hugegraph-test/hugegraph-core,org.apache.hugegraph.backend.id,Id,32,0,8,0,4,0,8,0,4,0
hugegraph-test/hugegraph-core,org.apache.hugegraph.backend.page,PageState,148,0,6,0,36,0,14,0,11,0
hugegraph-test/hugegraph-core,org.apache.hugegraph.backend.page,SortByCountIdHolderList,46,0,4,0,12,0,4,0,2,0
hugegraph-test/hugegraph-core,org.apache.hugegraph.backend.page,IdHolder.FixedIdHolder,22,0,0,0,7,0,4,0,4,0
hugegraph-test/hugegraph-core,org.apache.hugegraph.backend.page,QueryList.IndexQuery,272,0,36,0,59,0,30,0,12,0
hugegraph-test/hugegraph-core,org.apache.hugegraph.backend.page,QueryList.OptimizedQuery,71,0,4,0,16,0,8,0,6,0
hugegraph-test/hugegraph-core,org.apache.hugegraph.backend.page,SortByCountIdHolderList.SortByCountIdHolder,73,0,4,0,13,0,8,0,6,0
hugegraph-test/hugegraph-core,org.apache.hugegraph.backend.page,PageIds,35,0,2,0,11,0,7,0,6,0
hugegraph-test/hugegraph-core,org.apache.hugegraph.backend.page,PageInfo,186,0,6,0,44,0,14,0,11,0
hugegraph-test/hugegraph-core,org.apache.hugegraph.backend.page,IdHolder.PagingIdHolder,69,0,8,0,16,0,9,0,5,0
hugegraph-test/hugegraph-core,org.apache.hugegraph.backend.page,IdHolder,39,0,0,0,10,0,4,0,4,0
hugegraph-test/hugegraph-core,org.apache.hugegraph.backend.page,IdHolderList,63,0,6,0,15,0,9,0,6,0
hugegraph-test/hugegraph-core,org.apache.hugegraph.backend.page,IdHolder.BatchIdHolder,250,0,36,0,61,0,30,0,12,0
hugegraph-test/hugegraph-core,org.apache.hugegraph.backend.page,SortByCountIdHolderList.MergedQuery,14,0,0,0,4,0,2,0,2,0
hugegraph-test/hugegraph-core,org.apache.hugegraph.backend.page,QueryList,164,0,12,0,36,0,17,0,11,0
hugegraph-test/hugegraph-core,org.apache.hugegraph.backend.page,QueryList.PageResults,64,0,4,0,14,0,10,0,8,0
hugegraph-test/hugegraph-core,org.apache.hugegraph.backend.page,PageEntryIterator,221,0,28,0,49,0,24,0,10,0
hugegraph-test/hugegraph-core,org.apache.hugegraph.rpc,RpcServiceConfig4Client,11,0,0,0,2,0,2,0,2,0
hugegraph-test/hugegraph-core,org.apache.hugegraph.masterelection,StandardRoleElectionStateMachine.MasterState,43,0,2,0,11,0,4,0,3,0
hugegraph-test/hugegraph-core,org.apache.hugegraph.masterelection,StandardRoleElectionStateMachine.RoleState,41,0,0,0,9,0,3,0,3,0
hugegraph-test/hugegraph-core,org.apache.hugegraph.masterelection,StandardRoleElectionStateMachine.CandidateState,66,0,4,0,13,0,5,0,3,0
hugegraph-test/hugegraph-core,org.apache.hugegraph.masterelection,GlobalMasterInfo,114,0,6,0,33,0,17,0,14,0
hugegraph-test/hugegraph-core,org.apache.hugegraph.masterelection,StandardRoleElectionStateMachine.StateMachineContextImpl,43,0,0,0,16,0,10,0,10,0
hugegraph-test/hugegraph-core,org.apache.hugegraph.masterelection,StandardRoleElectionStateMachine.UnknownState,102,0,10,0,22,0,8,0,3,0
hugegraph-test/hugegraph-core,org.apache.hugegraph.masterelection,StandardRoleElectionStateMachine,142,0,6,0,37,0,10,0,7,0
hugegraph-test/hugegraph-core,org.apache.hugegraph.masterelection,StandardClusterRoleStore,319,0,14,0,71,0,14,0,7,0
hugegraph-test/hugegraph-core,org.apache.hugegraph.masterelection,StandardRoleElectionStateMachine.MasterServerInfoImpl,15,0,0,0,6,0,3,0,3,0
hugegraph-test/hugegraph-core,org.apache.hugegraph.masterelection,StandardClusterRoleStore.P,25,0,0,0,8,0,2,0,2,0
hugegraph-test/hugegraph-core,org.apache.hugegraph.masterelection,StandardClusterRoleStore.Schema,83,0,2,0,21,0,4,0,3,0
hugegraph-test/hugegraph-core,org.apache.hugegraph.masterelection,StandardRoleElectionStateMachine.WorkerState,131,0,16,0,27,0,12,0,4,0
hugegraph-test/hugegraph-core,org.apache.hugegraph.masterelection,StandardRoleElectionStateMachine.AbdicationState,25,0,0,0,7,0,3,0,3,0
hugegraph-test/hugegraph-core,org.apache.hugegraph.masterelection,GlobalMasterInfo.NodeInfo,15,0,0,0,6,0,3,0,3,0
hugegraph-test/hugegraph-core,org.apache.hugegraph.masterelection,RoleElectionConfig,45,0,0,0,16,0,8,0,8,0
hugegraph-test/hugegraph-core,org.apache.hugegraph.masterelection,StandardRoleListener,126,0,10,0,41,0,14,0,9,0
hugegraph-test/hugegraph-core,org.apache.hugegraph.masterelection,RoleElectionOptions,84,0,2,0,21,0,3,0,2,0
hugegraph-test/hugegraph-core,org.apache.hugegraph.masterelection,ClusterRole,129,0,10,0,26,0,17,0,12,0
hugegraph-test/hugegraph-core,org.apache.hugegraph.io,HugeGraphSONModule.OptionalSerializer,16,0,2,0,6,0,3,0,2,0
hugegraph-test/hugegraph-core,org.apache.hugegraph.io,HugeGraphSONModule.FileSerializer,14,0,0,0,6,0,2,0,2,0
hugegraph-test/hugegraph-core,org.apache.hugegraph.io,HugeGryoModule.IdSerializer,36,0,0,0,10,0,3,0,3,0
hugegraph-test/hugegraph-core,org.apache.hugegraph.io,HugeGraphSONModule.PropertyKeySerializer,10,0,0,0,4,0,2,0,2,0
hugegraph-test/hugegraph-core,org.apache.hugegraph.io,HugeGraphSONModule.IdSerializer,38,0,2,0,11,0,4,0,3,0
hugegraph-test/hugegraph-core,org.apache.hugegraph.io,HugeGraphSONModule.EdgeLabelSerializer,10,0,0,0,4,0,2,0,2,0
hugegraph-test/hugegraph-core,org.apache.hugegraph.io,HugeGraphSONModule.HugeVertexSerializer,53,0,0,0,15,0,3,0,3,0
hugegraph-test/hugegraph-core,org.apache.hugegraph.io,HugeGraphSONModule.BlobSerializer,9,0,0,0,4,0,2,0,2,0
hugegraph-test/hugegraph-core,org.apache.hugegraph.io,HugeGraphSONModule.IndexLabelSerializer,10,0,0,0,4,0,2,0,2,0
hugegraph-test/hugegraph-core,org.apache.hugegraph.io,HugeGryoModule.IndexLabelKryoSerializer,12,0,0,0,4,0,3,0,3,0
hugegraph-test/hugegraph-core,org.apache.hugegraph.io,HugeGraphIoRegistry,20,0,0,0,8,0,4,0,4,0
hugegraph-test/hugegraph-core,org.apache.hugegraph.io,HugeGryoModule.OptionalSerializer,28,0,4,0,7,0,5,0,3,0
hugegraph-test/hugegraph-core,org.apache.hugegraph.io,HugeGraphSONModule.PathSerializer,19,0,0,0,9,0,2,0,2,0
hugegraph-test/hugegraph-core,org.apache.hugegraph.io,HugeGraphSONModule.TreeSerializer,37,0,2,0,14,0,3,0,2,0
hugegraph-test/hugegraph-core,org.apache.hugegraph.io,HugeGraphSONModule.BlobDeserializer,10,0,0,0,4,0,2,0,2,0
hugegraph-test/hugegraph-core,org.apache.hugegraph.io,HugeGraphSONModule.ShardSerializer,24,0,0,0,8,0,2,0,2,0
hugegraph-test/hugegraph-core,org.apache.hugegraph.io,HugeGryoModule.EdgeIdSerializer,26,0,0,0,8,0,3,0,3,0
hugegraph-test/hugegraph-core,org.apache.hugegraph.io,HugeGryoModule.EdgeLabelKryoSerializer,12,0,0,0,4,0,3,0,3,0
hugegraph-test/hugegraph-core,org.apache.hugegraph.io,HugeGraphSONModule.HugeEdgeSerializer,83,0,0,0,21,0,3,0,3,0
hugegraph-test/hugegraph-core,org.apache.hugegraph.io,HugeGryoModule.PropertyKeyKryoSerializer,12,0,0,0,4,0,3,0,3,0
hugegraph-test/hugegraph-core,org.apache.hugegraph.io,GraphSONSchemaSerializer,392,0,16,0,78,0,14,0,6,0
hugegraph-test/hugegraph-core,org.apache.hugegraph.io,HugeGryoModule,124,0,4,0,24,0,7,0,5,0
hugegraph-test/hugegraph-core,org.apache.hugegraph.io,HugeGraphSONModule.IdDeserializer,66,0,8,0,16,0,7,0,3,0
hugegraph-test/hugegraph-core,org.apache.hugegraph.io,HugeGraphSONModule.VertexLabelSerializer,10,0,0,0,4,0,2,0,2,0
hugegraph-test/hugegraph-core,org.apache.hugegraph.io,HugeGryoModule.VertexLabelKryoSerializer,12,0,0,0,4,0,3,0,3,0
hugegraph-test/hugegraph-core,org.apache.hugegraph.io,HugeGraphSONModule,326,0,4,0,66,0,12,0,10,0
hugegraph-test/hugegraph-core,org.apache.hugegraph.io,HugeGraphSONModule.HugeElementSerializer,85,0,6,0,26,0,6,0,3,0
hugegraph-test/hugegraph-core,org.apache.hugegraph.job.algorithm.rank,PageRankAlgorithm,59,0,0,0,21,0,6,0,6,0
hugegraph-test/hugegraph-core,org.apache.hugegraph.job.algorithm.rank,PageRankAlgorithm.DoublePair,108,0,10,0,29,0,16,0,11,0
hugegraph-test/hugegraph-core,org.apache.hugegraph.job.algorithm.rank,PageRankAlgorithm.Traverser,466,0,38,0,116,0,28,0,9,0
hugegraph-test/hugegraph-core,org.apache.hugegraph.security,HugeSecurityManager,718,0,186,0,198,0,141,0,48,0
hugegraph-test/hugegraph-core,org.apache.hugegraph.backend.store.memory,InMemoryDBTables.SearchIndex,4,0,0,0,2,0,1,0,1,0
hugegraph-test/hugegraph-core,org.apache.hugegraph.backend.store.memory,InMemoryDBTables.Vertex,4,0,0,0,2,0,1,0,1,0
hugegraph-test/hugegraph-core,org.apache.hugegraph.backend.store.memory,InMemoryDBTable.InMemoryShardSplitter,21,0,0,0,6,0,4,0,4,0
hugegraph-test/hugegraph-core,org.apache.hugegraph.backend.store.memory,InMemoryDBTables.SecondaryIndex,163,0,24,0,35,0,17,0,5,0
hugegraph-test/hugegraph-core,org.apache.hugegraph.backend.store.memory,InMemoryDBTables.RangeIndex,317,0,40,0,68,0,30,0,10,0
hugegraph-test/hugegraph-core,org.apache.hugegraph.backend.store.memory,InMemoryDBStore,349,0,21,0,87,0,39,0,26,0
hugegraph-test/hugegraph-core,org.apache.hugegraph.backend.store.memory,InMemoryDBStore.new BackendFeatures() {...},49,0,0,0,24,0,24,0,24,0
hugegraph-test/hugegraph-core,org.apache.hugegraph.backend.store.memory,InMemoryDBTables.UniqueIndex,4,0,0,0,2,0,1,0,1,0
hugegraph-test/hugegraph-core,org.apache.hugegraph.backend.store.memory,InMemoryDBTable,686,0,88,0,139,0,68,0,24,0
hugegraph-test/hugegraph-core,org.apache.hugegraph.backend.store.memory,InMemoryDBStore.InMemorySystemStore,10,0,0,0,3,0,2,0,2,0
hugegraph-test/hugegraph-core,org.apache.hugegraph.backend.store.memory,InMemoryDBStoreProvider,73,0,4,0,19,0,12,0,10,0
hugegraph-test/hugegraph-core,org.apache.hugegraph.backend.store.memory,InMemoryDBStore.InMemoryGraphStore,83,0,0,0,21,0,5,0,5,0
hugegraph-test/hugegraph-core,org.apache.hugegraph.backend.store.memory,InMemoryDBTables,3,0,0,0,1,0,1,0,1,0
hugegraph-test/hugegraph-core,org.apache.hugegraph.backend.store.memory,InMemoryDBTables.ShardIndex,4,0,0,0,2,0,1,0,1,0
hugegraph-test/hugegraph-core,org.apache.hugegraph.backend.store.memory,InMemoryDBTables.Edge,652,0,74,0,147,0,54,0,17,0
hugegraph-test/hugegraph-core,org.apache.hugegraph.backend.store.memory,InMemoryMetrics,8,0,0,0,2,0,2,0,2,0
hugegraph-test/hugegraph-core,org.apache.hugegraph.backend.store.memory,InMemoryDBStore.InMemorySchemaStore,76,0,0,0,19,0,7,0,7,0
hugegraph-test/hugegraph-core,org.apache.hugegraph.analyzer,SmartCNAnalyzer,52,0,2,0,14,0,4,0,3,0
hugegraph-test/hugegraph-core,org.apache.hugegraph.analyzer,MMSeg4JAnalyzer,108,0,8,0,23,0,8,0,3,0
hugegraph-test/hugegraph-core,org.apache.hugegraph.analyzer,AnsjAnalyzer,97,0,11,0,22,0,10,0,3,0
hugegraph-test/hugegraph-core,org.apache.hugegraph.analyzer,HanLPAnalyzer,136,0,13,0,41,0,12,0,3,0
hugegraph-test/hugegraph-core,org.apache.hugegraph.analyzer,JcsegAnalyzer,87,0,6,0,19,0,6,0,3,0
hugegraph-test/hugegraph-core,org.apache.hugegraph.analyzer,JiebaAnalyzer,59,0,4,0,12,0,5,0,3,0
hugegraph-test/hugegraph-core,org.apache.hugegraph.analyzer,IKAnalyzer,74,0,4,0,14,0,5,0,3,0
hugegraph-test/hugegraph-core,org.apache.hugegraph.analyzer,AnalyzerFactory,184,0,16,0,32,0,16,0,5,0
hugegraph-test/hugegraph-core,org.apache.hugegraph.backend.tx,GraphIndexTransaction.MatchedIndex,95,0,12,0,25,0,14,0,8,0
hugegraph-test/hugegraph-core,org.apache.hugegraph.backend.tx,SchemaIndexTransaction,189,0,26,0,44,0,19,0,6,0
hugegraph-test/hugegraph-core,org.apache.hugegraph.backend.tx,SchemaTransaction,1277,0,112,0,289,0,117,0,58,0
hugegraph-test/hugegraph-core,org.apache.hugegraph.backend.tx,IndexableTransaction,93,0,16,0,27,0,16,0,8,0
hugegraph-test/hugegraph-core,org.apache.hugegraph.backend.tx,GraphIndexTransaction.IndexQueries.JointQuery,65,0,4,0,14,0,7,0,5,0
hugegraph-test/hugegraph-core,org.apache.hugegraph.backend.tx,AbstractTransaction,617,0,64,0,171,0,75,0,43,0
hugegraph-test/hugegraph-core,org.apache.hugegraph.backend.tx,GraphIndexTransaction,3373,0,470,0,762,0,297,0,58,0
hugegraph-test/hugegraph-core,org.apache.hugegraph.backend.tx,GraphTransaction,4664,0,675,0,1018,0,451,0,112,0
hugegraph-test/hugegraph-core,org.apache.hugegraph.backend.tx,GraphIndexTransaction.RemoveLeftIndexJob,573,0,72,0,128,0,49,0,13,0
hugegraph-test/hugegraph-core,org.apache.hugegraph.backend.tx,GraphIndexTransaction.IndexQueries,95,0,10,0,21,0,13,0,8,0
hugegraph-test/hugegraph-core,org.apache.hugegraph.job.algorithm,AbstractAlgorithm.AlgoTraverser,428,0,22,0,96,0,38,0,27,0
hugegraph-test/hugegraph-core,org.apache.hugegraph.job.algorithm,CountEdgeAlgorithm,17,0,0,0,5,0,4,0,4,0
hugegraph-test/hugegraph-core,org.apache.hugegraph.job.algorithm,Consumers.StopExecution,9,0,0,0,4,0,2,0,2,0
hugegraph-test/hugegraph-core,org.apache.hugegraph.job.algorithm,BfsTraverser,143,0,14,0,37,0,11,0,4,0
hugegraph-test/hugegraph-core,org.apache.hugegraph.job.algorithm,BfsTraverser.Node,68,0,0,0,18,0,7,0,7,0
hugegraph-test/hugegraph-core,org.apache.hugegraph.job.algorithm,SubgraphStatAlgorithm,174,0,6,0,39,0,13,0,10,0
hugegraph-test/hugegraph-core,org.apache.hugegraph.job.algorithm,AlgorithmPool,181,0,4,0,32,0,8,0,6,0
hugegraph-test/hugegraph-core,org.apache.hugegraph.job.algorithm,Consumers,307,0,36,0,86,0,30,0,12,0
hugegraph-test/hugegraph-core,org.apache.hugegraph.job.algorithm,AbstractAlgorithm.TopMap,139,0,18,0,26,0,17,0,8,0
hugegraph-test/hugegraph-core,org.apache.hugegraph.job.algorithm,SubgraphStatAlgorithm.Traverser,207,0,2,0,45,0,5,0,4,0
hugegraph-test/hugegraph-core,org.apache.hugegraph.job.algorithm,CountVertexAlgorithm,17,0,0,0,5,0,4,0,4,0
hugegraph-test/hugegraph-core,org.apache.hugegraph.job.algorithm,AbstractAlgorithm.JsonMap,232,0,10,0,61,0,26,0,21,0
hugegraph-test/hugegraph-core,org.apache.hugegraph.job.algorithm,CountEdgeAlgorithm.Traverser,61,0,4,0,17,0,4,0,2,0
hugegraph-test/hugegraph-core,org.apache.hugegraph.job.algorithm,AbstractAlgorithm,330,0,46,0,85,0,43,0,20,0
hugegraph-test/hugegraph-core,org.apache.hugegraph.job.algorithm,CountVertexAlgorithm.Traverser,60,0,4,0,17,0,4,0,2,0
hugegraph-test/hugegraph-core,org.apache.hugegraph.job.algorithm,SubgraphStatAlgorithm.TempJob,21,0,0,0,9,0,4,0,4,0
hugegraph-test/hugegraph-core,org.apache.hugegraph.backend.cache,AbstractCache,353,0,60,0,84,0,51,0,21,0
hugegraph-test/hugegraph-core,org.apache.hugegraph.backend.cache,RamCache.LinkNode,36,0,2,0,10,0,5,0,4,0
hugegraph-test/hugegraph-core,org.apache.hugegraph.backend.cache,OffheapCache.Value,324,0,26,0,75,0,29,0,14,0
hugegraph-test/hugegraph-core,org.apache.hugegraph.backend.cache,CachedBackendStore.QueryId,53,0,2,0,16,0,12,0,11,0
hugegraph-test/hugegraph-core,org.apache.hugegraph.backend.cache,CachedBackendStore,171,0,6,0,50,0,28,0,25,0
hugegraph-test/hugegraph-core,org.apache.hugegraph.backend.cache,OffheapCache.IdSerializer,28,0,0,0,6,0,4,0,4,0
hugegraph-test/hugegraph-core,org.apache.hugegraph.backend.cache,CachedGraphTransaction,890,0,121,0,190,0,79,0,18,0
hugegraph-test/hugegraph-core,org.apache.hugegraph.backend.cache,OffheapCache,196,0,12,0,50,0,19,0,13,0
hugegraph-test/hugegraph-core,org.apache.hugegraph.backend.cache,RamCache.LinkedQueueNonBigLock,561,0,70,0,92,0,49,0,14,0
hugegraph-test/hugegraph-core,org.apache.hugegraph.backend.cache,CacheManager.new TimerTask() {...},91,0,4,0,17,0,5,0,3,0
hugegraph-test/hugegraph-core,org.apache.hugegraph.backend.cache,LevelCache,229,0,20,0,38,0,21,0,11,0
hugegraph-test/hugegraph-core,org.apache.hugegraph.backend.cache,CachedSchemaTransaction,630,0,42,0,142,0,45,0,24,0
hugegraph-test/hugegraph-core,org.apache.hugegraph.backend.cache,CachedSchemaTransaction.SchemaCaches,236,0,34,0,65,0,29,0,9,0
hugegraph-test/hugegraph-core,org.apache.hugegraph.backend.cache,CacheManager,227,0,8,0,44,0,14,0,10,0
hugegraph-test/hugegraph-core,org.apache.hugegraph.backend.cache,OffheapCache.ValueType,248,0,14,0,38,0,14,0,7,0
hugegraph-test/hugegraph-core,org.apache.hugegraph.backend.cache,OffheapCache.ValueSerializer,22,0,0,0,5,0,4,0,4,0
hugegraph-test/hugegraph-core,org.apache.hugegraph.backend.cache,RamCache,339,0,44,0,79,0,36,0,14,0
hugegraph-test/hugegraph-core,org.apache.hugegraph.backend.cache,AbstractCache.CacheNode,53,0,4,0,16,0,10,0,8,0
hugegraph-test/hugegraph-core,org.apache.hugegraph.backend.store.raft.rpc,RaftRequests.RemovePeerResponse,338,0,38,0,89,0,55,0,36,0
hugegraph-test/hugegraph-core,org.apache.hugegraph.backend.store.raft.rpc,RaftRequests.CommonResponse,425,0,52,0,114,0,64,0,38,0
hugegraph-test/hugegraph-core,org.apache.hugegraph.backend.store.raft.rpc,RaftRequests.AddPeerRequest.new AbstractParser() {...},36,0,0,0,12,0,2,0,2,0
hugegraph-test/hugegraph-core,org.apache.hugegraph.backend.store.raft.rpc,AddPeerProcessor,53,0,0,0,18,0,4,0,4,0
hugegraph-test/hugegraph-core,org.apache.hugegraph.backend.store.raft.rpc,RaftRequests.SetLeaderRequest.new AbstractParser() {...},36,0,0,0,12,0,2,0,2,0
hugegraph-test/hugegraph-core,org.apache.hugegraph.backend.store.raft.rpc,RaftRequests.SetLeaderRequest.Builder,322,0,33,0,100,0,44,0,27,0
hugegraph-test/hugegraph-core,org.apache.hugegraph.backend.store.raft.rpc,RaftRequests,222,0,0,0,30,0,4,0,4,0
hugegraph-test/hugegraph-core,org.apache.hugegraph.backend.store.raft.rpc,RaftRequests.AddPeerResponse.Builder,434,0,57,0,125,0,60,0,31,0
hugegraph-test/hugegraph-core,org.apache.hugegraph.backend.store.raft.rpc,RaftRequests.AddPeerResponse,338,0,38,0,89,0,55,0,36,0
hugegraph-test/hugegraph-core,org.apache.hugegraph.backend.store.raft.rpc,RaftRequests.RemovePeerRequest,357,0,38,0,99,0,55,0,36,0
hugegraph-test/hugegraph-core,org.apache.hugegraph.backend.store.raft.rpc,RaftRequests.StoreCommandRequest.new AbstractParser() {...},36,0,0,0,12,0,2,0,2,0
hugegraph-test/hugegraph-core,org.apache.hugegraph.backend.store.raft.rpc,RaftRequests.RemovePeerRequest.new AbstractParser() {...},36,0,0,0,12,0,2,0,2,0
hugegraph-test/hugegraph-core,org.apache.hugegraph.backend.store.raft.rpc,RaftRequests.StoreCommandRequest.Builder,490,0,55,0,140,0,62,0,33,0
hugegraph-test/hugegraph-core,org.apache.hugegraph.backend.store.raft.rpc,RaftRequests.AddPeerRequest.Builder,322,0,33,0,100,0,44,0,27,0
hugegraph-test/hugegraph-core,org.apache.hugegraph.backend.store.raft.rpc,RaftRequests.StoreCommandResponse.new AbstractParser() {...},36,0,0,0,12,0,2,0,2,0
hugegraph-test/hugegraph-core,org.apache.hugegraph.backend.store.raft.rpc,RaftRequests.SetLeaderRequest,357,0,38,0,99,0,55,0,36,0
hugegraph-test/hugegraph-core,org.apache.hugegraph.backend.store.raft.rpc,RaftRequests.StoreCommandResponse.Builder,401,0,40,0,120,0,52,0,31,0
hugegraph-test/hugegraph-core,org.apache.hugegraph.backend.store.raft.rpc,RaftRequests.SetLeaderResponse.Builder,434,0,57,0,125,0,60,0,31,0
hugegraph-test/hugegraph-core,org.apache.hugegraph.backend.store.raft.rpc,SetLeaderProcessor,53,0,0,0,18,0,4,0,4,0
hugegraph-test/hugegraph-core,org.apache.hugegraph.backend.store.raft.rpc,RaftRequests.StoreType,111,0,7,0,25,0,15,0,10,0
hugegraph-test/hugegraph-core,org.apache.hugegraph.backend.store.raft.rpc,RaftRequests.CommonResponse.new AbstractParser() {...},36,0,0,0,12,0,2,0,2,0
hugegraph-test/hugegraph-core,org.apache.hugegraph.backend.store.raft.rpc,RaftRequests.StoreAction,202,0,14,0,39,0,22,0,10,0
hugegraph-test/hugegraph-core,org.apache.hugegraph.backend.store.raft.rpc,RaftRequests.RemovePeerRequest.Builder,322,0,33,0,100,0,44,0,27,0
hugegraph-test/hugegraph-core,org.apache.hugegraph.backend.store.raft.rpc,RaftRequests.ListPeersResponse.Builder,621,0,72,0,177,0,78,0,41,0
hugegraph-test/hugegraph-core,org.apache.hugegraph.backend.store.raft.rpc,RaftRequests.ListPeersResponse,431,0,46,0,106,0,63,0,40,0
hugegraph-test/hugegraph-core,org.apache.hugegraph.backend.store.raft.rpc,RaftRequests.AddPeerResponse.new AbstractParser() {...},36,0,0,0,12,0,2,0,2,0
hugegraph-test/hugegraph-core,org.apache.hugegraph.backend.store.raft.rpc,RaftRequests.ListPeersRequest.new AbstractParser() {...},36,0,0,0,12,0,2,0,2,0
hugegraph-test/hugegraph-core,org.apache.hugegraph.backend.store.raft.rpc,RaftRequests.StoreAction.new Internal.EnumLiteMap() {...},6,0,0,0,2,0,2,0,2,0
hugegraph-test/hugegraph-core,org.apache.hugegraph.backend.store.raft.rpc,ListPeersProcessor,53,0,0,0,23,0,4,0,4,0
hugegraph-test/hugegraph-core,org.apache.hugegraph.backend.store.raft.rpc,RaftRequests.ListPeersRequest.Builder,149,0,14,0,48,0,27,0,20,0
hugegraph-test/hugegraph-core,org.apache.hugegraph.backend.store.raft.rpc,RaftRequests.RemovePeerResponse.new AbstractParser() {...},36,0,0,0,12,0,2,0,2,0
hugegraph-test/hugegraph-core,org.apache.hugegraph.backend.store.raft.rpc,StoreCommandProcessor,83,0,2,0,23,0,6,0,5,0
hugegraph-test/hugegraph-core,org.apache.hugegraph.backend.store.raft.rpc,RaftRequests.AddPeerRequest,357,0,38,0,99,0,55,0,36,0
hugegraph-test/hugegraph-core,org.apache.hugegraph.backend.store.raft.rpc,RaftRequests.StoreCommandRequest,489,0,68,0,122,0,73,0,39,0
hugegraph-test/hugegraph-core,org.apache.hugegraph.backend.store.raft.rpc,RaftRequests.RemovePeerResponse.Builder,434,0,57,0,125,0,60,0,31,0
hugegraph-test/hugegraph-core,org.apache.hugegraph.backend.store.raft.rpc,RaftRequests.ListPeersRequest,239,0,16,0,68,0,41,0,33,0
hugegraph-test/hugegraph-core,org.apache.hugegraph.backend.store.raft.rpc,RaftRequests.CommonResponse.Builder,401,0,40,0,120,0,52,0,31,0
hugegraph-test/hugegraph-core,org.apache.hugegraph.backend.store.raft.rpc,RemovePeerProcessor,53,0,0,0,18,0,4,0,4,0
hugegraph-test/hugegraph-core,org.apache.hugegraph.backend.store.raft.rpc,RaftRequests.ListPeersResponse.new AbstractParser() {...},36,0,0,0,12,0,2,0,2,0
hugegraph-test/hugegraph-core,org.apache.hugegraph.backend.store.raft.rpc,RaftRequests.StoreType.new Internal.EnumLiteMap() {...},6,0,0,0,2,0,2,0,2,0
hugegraph-test/hugegraph-core,org.apache.hugegraph.backend.store.raft.rpc,RaftRequests.SetLeaderResponse,338,0,38,0,89,0,55,0,36,0
hugegraph-test/hugegraph-core,org.apache.hugegraph.backend.store.raft.rpc,RaftRequests.SetLeaderResponse.new AbstractParser() {...},36,0,0,0,12,0,2,0,2,0
hugegraph-test/hugegraph-core,org.apache.hugegraph.backend.store.raft.rpc,RpcForwarder,145,0,4,0,33,0,7,0,5,0
hugegraph-test/hugegraph-core,org.apache.hugegraph.backend.store.raft.rpc,RpcForwarder.new RpcResponseClosure() {...},73,0,2,0,15,0,5,0,4,0
hugegraph-test/hugegraph-core,org.apache.hugegraph.backend.store.raft.rpc,RpcForwarder.new RpcResponseClosure() {...},87,0,4,0,16,0,6,0,4,0
hugegraph-test/hugegraph-core,org.apache.hugegraph.backend.store.raft.rpc,RaftRequests.StoreCommandResponse,425,0,52,0,114,0,64,0,38,0
hugegraph-test/hugegraph-core,org.apache.hugegraph.job.algorithm.comm,KCoreAlgorithm.Traverser,162,0,16,0,43,0,12,0,4,0
hugegraph-test/hugegraph-core,org.apache.hugegraph.job.algorithm.comm,TriangleCountAlgorithm.Traverser,425,0,36,0,91,0,31,0,13,0
hugegraph-test/hugegraph-core,org.apache.hugegraph.job.algorithm.comm,LpaAlgorithm.Traverser,394,0,38,0,90,0,33,0,14,0
hugegraph-test/hugegraph-core,org.apache.hugegraph.job.algorithm.comm,LouvainTraverser,2034,0,188,0,396,0,133,0,39,0
hugegraph-test/hugegraph-core,org.apache.hugegraph.job.algorithm.comm,AbstractCommAlgorithm,123,0,16,0,25,0,14,0,6,0
hugegraph-test/hugegraph-core,org.apache.hugegraph.job.algorithm.comm,LouvainTraverser.Cache,219,0,14,0,45,0,20,0,13,0
hugegraph-test/hugegraph-core,org.apache.hugegraph.job.algorithm.comm,KCoreAlgorithm.KcoreTraverser,264,0,28,0,57,0,18,0,4,0
hugegraph-test/hugegraph-core,org.apache.hugegraph.job.algorithm.comm,LouvainAlgorithm,210,0,18,0,59,0,17,0,8,0
hugegraph-test/hugegraph-core,org.apache.hugegraph.job.algorithm.comm,WeakConnectedComponent.Traverser,355,0,38,0,87,0,27,0,8,0
hugegraph-test/hugegraph-core,org.apache.hugegraph.job.algorithm.comm,TriangleCountAlgorithm,62,0,4,0,15,0,7,0,5,0
hugegraph-test/hugegraph-core,org.apache.hugegraph.job.algorithm.comm,KCoreAlgorithm.KcoreSimilar,42,0,2,0,11,0,5,0,4,0
hugegraph-test/hugegraph-core,org.apache.hugegraph.job.algorithm.comm,WeakConnectedComponent,42,0,0,0,14,0,5,0,5,0
hugegraph-test/hugegraph-core,org.apache.hugegraph.job.algorithm.comm,ClusterCoefficientAlgorithm,62,0,4,0,14,0,7,0,5,0
hugegraph-test/hugegraph-core,org.apache.hugegraph.job.algorithm.comm,KCoreAlgorithm,100,0,6,0,30,0,9,0,6,0
hugegraph-test/hugegraph-core,org.apache.hugegraph.job.algorithm.comm,LouvainTraverser.Community,149,0,4,0,29,0,12,0,10,0
hugegraph-test/hugegraph-core,org.apache.hugegraph.job.algorithm.comm,LpaAlgorithm,76,0,2,0,25,0,5,0,4,0
hugegraph-test/hugegraph-core,org.apache.hugegraph.job.algorithm.comm,ClusterCoefficientAlgorithm.Traverser,60,0,4,0,12,0,5,0,3,0
hugegraph-test/hugegraph-core,org.apache.hugegraph.backend.store.ram,IntLongMap,174,0,16,0,34,0,16,0,8,0
hugegraph-test/hugegraph-core,org.apache.hugegraph.backend.store.ram,IntObjectMap,95,0,6,0,26,0,11,0,8,0
hugegraph-test/hugegraph-core,org.apache.hugegraph.backend.store.ram,RamTable,826,0,98,0,190,0,70,0,21,0
hugegraph-test/hugegraph-core,org.apache.hugegraph.backend.store.ram,RamTable.LoadTraverser,301,0,28,0,69,0,22,0,8,0
hugegraph-test/hugegraph-core,org.apache.hugegraph.backend.store.ram,IntIntMap,126,0,14,0,24,0,15,0,8,0
hugegraph-test/hugegraph-core,org.apache.hugegraph.backend.store.ram,RamTable.EdgeRangeIterator,201,0,32,0,47,0,21,0,5,0
hugegraph-test/hugegraph-core,org.apache.hugegraph.backend.store.raft.compress,ParallelCompressStrategy,404,0,18,0,93,0,21,0,12,0
hugegraph-test/hugegraph-core,org.apache.hugegraph.backend.store.raft.compress,ParallelCompressStrategy.ZipArchiveScatterOutputStream,20,0,0,0,7,0,3,0,3,0
hugegraph-test/hugegraph-core,org.apache.hugegraph.backend.store.raft.compress,SerialCompressStrategy,24,0,0,0,8,0,4,0,4,0
hugegraph-test/hugegraph-core,org.apache.hugegraph.backend.store.raft.compress,CompressStrategyManager,69,0,6,0,20,0,7,0,4,0
hugegraph-test/hugegraph-core,org.apache.hugegraph.schema.builder,PropertyKeyBuilder,731,0,66,0,175,0,75,0,42,0
hugegraph-test/hugegraph-core,org.apache.hugegraph.schema.builder,AbstractBuilder,125,0,6,0,28,0,15,0,12,0
hugegraph-test/hugegraph-core,org.apache.hugegraph.schema.builder,IndexLabelBuilder,1649,0,193,0,343,0,147,0,47,0
hugegraph-test/hugegraph-core,org.apache.hugegraph.schema.builder,VertexLabelBuilder,1352,0,147,0,266,0,113,0,37,0
hugegraph-test/hugegraph-core,org.apache.hugegraph.schema.builder,EdgeLabelBuilder,1418,0,149,0,289,0,113,0,37,0
hugegraph-test/hugegraph-core,org.apache.hugegraph.traversal.algorithm.records,PathsRecords,62,0,12,0,15,0,9,0,3,0
hugegraph-test/hugegraph-core,org.apache.hugegraph.traversal.algorithm.records,KneighborRecords,117,0,16,0,24,0,14,0,6,0
hugegraph-test/hugegraph-core,org.apache.hugegraph.traversal.algorithm.records,AbstractRecords,82,0,10,0,23,0,13,0,8,0
hugegraph-test/hugegraph-core,org.apache.hugegraph.traversal.algorithm.records,DoubleWayMultiPathsRecords,351,0,26,0,86,0,32,0,19,0
hugegraph-test/hugegraph-core,org.apache.hugegraph.traversal.algorithm.records,SingleWayMultiPathsRecords,292,0,26,0,65,0,28,0,15,0
hugegraph-test/hugegraph-core,org.apache.hugegraph.traversal.algorithm.records,ShortestPathRecords,200,0,26,0,43,0,21,0,8,0
hugegraph-test/hugegraph-core,org.apache.hugegraph.traversal.algorithm.records,KoutRecords,203,0,24,0,35,0,18,0,6,0
hugegraph-test/hugegraph-core,org.apache.hugegraph.job.algorithm.cent,BetweennessCentralityAlgorithmV2.Traverser,176,0,24,0,35,0,19,0,7,0
hugegraph-test/hugegraph-core,org.apache.hugegraph.job.algorithm.cent,StressCentralityAlgorithmV2,38,0,0,0,14,0,4,0,4,0
hugegraph-test/hugegraph-core,org.apache.hugegraph.job.algorithm.cent,AbstractCentAlgorithm,37,0,0,0,13,0,4,0,4,0
hugegraph-test/hugegraph-core,org.apache.hugegraph.job.algorithm.cent,BetweennessCentralityAlgorithmV2,38,0,0,0,14,0,4,0,4,0
hugegraph-test/hugegraph-core,org.apache.hugegraph.job.algorithm.cent,StressCentralityAlgorithm.Traverser,88,0,10,0,14,0,8,0,3,0
hugegraph-test/hugegraph-core,org.apache.hugegraph.job.algorithm.cent,ClosenessCentralityAlgorithm,37,0,0,0,14,0,4,0,4,0
hugegraph-test/hugegraph-core,org.apache.hugegraph.job.algorithm.cent,DegreeCentralityAlgorithm,31,0,0,0,10,0,4,0,4,0
hugegraph-test/hugegraph-core,org.apache.hugegraph.job.algorithm.cent,ClosenessCentralityAlgorithmV2.Traverser,134,0,20,0,27,0,17,0,7,0
hugegraph-test/hugegraph-core,org.apache.hugegraph.job.algorithm.cent,BetweennessCentralityAlgorithmV2.BetweennessNode,39,0,0,0,9,0,4,0,4,0
hugegraph-test/hugegraph-core,org.apache.hugegraph.job.algorithm.cent,ClosenessCentralityAlgorithmV2,38,0,0,0,14,0,4,0,4,0
hugegraph-test/hugegraph-core,org.apache.hugegraph.job.algorithm.cent,EigenvectorCentralityAlgorithm,33,0,0,0,12,0,3,0,3,0
hugegraph-test/hugegraph-core,org.apache.hugegraph.job.algorithm.cent,AbstractCentAlgorithm.Traverser,333,0,44,0,70,0,33,0,11,0
hugegraph-test/hugegraph-core,org.apache.hugegraph.job.algorithm.cent,DegreeCentralityAlgorithm.Traverser,261,0,48,0,61,0,29,0,5,0
hugegraph-test/hugegraph-core,org.apache.hugegraph.job.algorithm.cent,BetweennessCentralityAlgorithm.Traverser,238,0,22,0,44,0,19,0,8,0
hugegraph-test/hugegraph-core,org.apache.hugegraph.job.algorithm.cent,ClosenessCentralityAlgorithm.Traverser,102,0,10,0,15,0,8,0,3,0
hugegraph-test/hugegraph-core,org.apache.hugegraph.job.algorithm.cent,BetweennessCentralityAlgorithm,37,0,0,0,14,0,4,0,4,0
hugegraph-test/hugegraph-core,org.apache.hugegraph.job.algorithm.cent,EigenvectorCentralityAlgorithm.Traverser,85,0,10,0,13,0,8,0,3,0
hugegraph-test/hugegraph-core,org.apache.hugegraph.job.algorithm.cent,StressCentralityAlgorithmV2.StressNode,43,0,0,0,10,0,4,0,4,0
hugegraph-test/hugegraph-core,org.apache.hugegraph.job.algorithm.cent,StressCentralityAlgorithm,52,0,2,0,19,0,6,0,5,0
hugegraph-test/hugegraph-core,org.apache.hugegraph.job.algorithm.cent,StressCentralityAlgorithmV2.Traverser,177,0,24,0,35,0,19,0,7,0
hugegraph-test/hugegraph-core,org.apache.hugegraph.job.algorithm.path,RingsDetectAlgorithm,82,0,2,0,28,0,7,0,6,0
hugegraph-test/hugegraph-core,org.apache.hugegraph.job.algorithm.path,RingsDetectAlgorithm.Traverser,165,0,24,0,36,0,16,0,4,0
hugegraph-test/hugegraph-core,org.apache.hugegraph.structure,HugeIndex.IdWithExpiredTime,31,0,0,0,7,0,4,0,4,0
hugegraph-test/hugegraph-core,org.apache.hugegraph.structure,HugeElement,898,0,130,0,208,0,112,0,46,0
hugegraph-test/hugegraph-core,org.apache.hugegraph.structure,HugeFeatures,39,0,0,0,11,0,5,0,5,0
hugegraph-test/hugegraph-core,org.apache.hugegraph.structure,HugeProperty,130,0,16,0,24,0,22,0,14,0
hugegraph-test/hugegraph-core,org.apache.hugegraph.structure,HugeVertex,1247,0,153,0,266,0,124,0,44,0
hugegraph-test/hugegraph-core,org.apache.hugegraph.structure,HugeFeatures.HugeVertexPropertyFeatures,23,0,0,0,9,0,9,0,9,0
hugegraph-test/hugegraph-core,org.apache.hugegraph.structure,HugeEdgeProperty,96,0,10,0,19,0,13,0,8,0
hugegraph-test/hugegraph-core,org.apache.hugegraph.structure,HugeFeatures.HugeEdgeFeatures,19,0,0,0,4,0,3,0,3,0
hugegraph-test/hugegraph-core,org.apache.hugegraph.structure,HugeFeatures.HugeVariableFeatures,7,0,0,0,1,0,1,0,1,0
hugegraph-test/hugegraph-core,org.apache.hugegraph.structure,HugeFeatures.HugeEdgePropertyFeatures,15,0,0,0,5,0,5,0,5,0
hugegraph-test/hugegraph-core,org.apache.hugegraph.structure,HugeVertex.HugeVertex4Insert,51,0,4,0,18,0,7,0,5,0
hugegraph-test/hugegraph-core,org.apache.hugegraph.structure,HugeIndex,538,0,56,0,112,0,58,0,30,0
hugegraph-test/hugegraph-core,org.apache.hugegraph.structure,HugeFeatures.HugeVertexFeatures,38,0,0,0,12,0,10,0,10,0
hugegraph-test/hugegraph-core,org.apache.hugegraph.structure,HugeElement.ElementKeys,35,0,0,0,13,0,7,0,7,0
hugegraph-test/hugegraph-core,org.apache.hugegraph.structure,HugeEdge,992,0,138,0,226,0,120,0,47,0
hugegraph-test/hugegraph-core,org.apache.hugegraph.structure,HugeVertexProperty,90,0,8,0,20,0,13,0,9,0
hugegraph-test/hugegraph-core,org.apache.hugegraph.structure,HugeFeatures.HugeDataTypeFeatures,42,0,0,0,19,0,19,0,19,0
hugegraph-test/hugegraph-core,org.apache.hugegraph.structure,HugeFeatures.HugeElementFeatures,58,0,20,0,16,0,20,0,10,0
hugegraph-test/hugegraph-core,org.apache.hugegraph.structure,HugeFeatures.HugeGraphFeatures,28,0,0,0,8,0,7,0,7,0
hugegraph-test/hugegraph-core,org.apache.hugegraph.backend.query,Condition.Relation,143,0,16,0,33,0,24,0,16,0
hugegraph-test/hugegraph-core,org.apache.hugegraph.backend.query,ConditionQuery,1466,0,234,0,336,0,185,0,68,0
hugegraph-test/hugegraph-core,org.apache.hugegraph.backend.query,Aggregate,56,0,6,0,11,0,10,0,7,0
hugegraph-test/hugegraph-core,org.apache.hugegraph.backend.query,IdQuery,161,0,10,0,44,0,21,0,16,0
hugegraph-test/hugegraph-core,org.apache.hugegraph.backend.query,QueryResults.EmptyIterator,9,0,0,0,4,0,4,0,4,0
hugegraph-test/hugegraph-core,org.apache.hugegraph.backend.query,Condition.UserpropRelation,69,0,4,0,19,0,8,0,6,0
hugegraph-test/hugegraph-core,org.apache.hugegraph.backend.query,Condition.RangeConditions,104,0,12,0,31,0,15,0,7,0
hugegraph-test/hugegraph-core,org.apache.hugegraph.backend.query,Condition.SyspropRelation,61,0,0,0,17,0,6,0,6,0
hugegraph-test/hugegraph-core,org.apache.hugegraph.backend.query,Query.Order,24,0,0,0,3,0,1,0,1,0
hugegraph-test/hugegraph-core,org.apache.hugegraph.backend.query,QueryResults,419,0,60,0,102,0,54,0,24,0
hugegraph-test/hugegraph-core,org.apache.hugegraph.backend.query,Aggregate.AggregateFunc,138,0,6,0,24,0,8,0,5,0
hugegraph-test/hugegraph-core,org.apache.hugegraph.backend.query,Condition.FlattenSyspropRelation,11,0,0,0,3,0,2,0,2,0
hugegraph-test/hugegraph-core,org.apache.hugegraph.backend.query,ConditionQuery.Element2IndexValueMap,240,0,30,0,58,0,25,0,10,0
hugegraph-test/hugegraph-core,org.apache.hugegraph.backend.query,Query,1174,0,156,0,250,0,145,0,67,0
hugegraph-test/hugegraph-core,org.apache.hugegraph.backend.query,ConditionQueryFlatten,1008,0,194,0,247,0,125,0,22,0
hugegraph-test/hugegraph-core,org.apache.hugegraph.backend.query,IdQuery.OneIdQuery,90,0,8,0,26,0,15,0,11,0
hugegraph-test/hugegraph-core,org.apache.hugegraph.backend.query,BatchConditionQuery,131,0,12,0,32,0,10,0,4,0
hugegraph-test/hugegraph-core,org.apache.hugegraph.backend.query,IdPrefixQuery,172,0,18,0,38,0,22,0,13,0
hugegraph-test/hugegraph-core,org.apache.hugegraph.backend.query,ConditionQuery.LeftIndex,15,0,0,0,6,0,3,0,3,0
hugegraph-test/hugegraph-core,org.apache.hugegraph.backend.query,Condition.BinCondition,134,0,12,0,29,0,15,0,9,0
hugegraph-test/hugegraph-core,org.apache.hugegraph.backend.query,QueryResults.OneIterator,39,0,6,0,13,0,9,0,6,0
hugegraph-test/hugegraph-core,org.apache.hugegraph.backend.query,IdRangeQuery,160,0,20,0,36,0,23,0,13,0
hugegraph-test/hugegraph-core,org.apache.hugegraph.backend.query,ConditionQueryFlatten.Relations,14,0,0,0,5,0,2,0,2,0
hugegraph-test/hugegraph-core,org.apache.hugegraph.backend.query,Condition.And,45,0,8,0,6,0,9,0,5,0
hugegraph-test/hugegraph-core,org.apache.hugegraph.backend.query,Condition.ConditionType,44,0,0,0,5,0,1,0,1,0
hugegraph-test/hugegraph-core,org.apache.hugegraph.backend.query,EdgesQueryIterator,56,0,4,0,14,0,5,0,3,0
hugegraph-test/hugegraph-core,org.apache.hugegraph.backend.query,Condition.Or,45,0,8,0,6,0,9,0,5,0
hugegraph-test/hugegraph-core,org.apache.hugegraph.backend.query,Condition.RelationType,746,0,104,0,104,0,80,0,28,0
hugegraph-test/hugegraph-core,org.apache.hugegraph.backend.query,ConditionQuery.OptimizedType,54,0,0,0,6,0,1,0,1,0
hugegraph-test/hugegraph-core,org.apache.hugegraph.backend.query,Condition,225,0,6,0,34,0,35,0,32,0
hugegraph-test/hugegraph-core,org.apache.hugegraph.exception,LimitExceedException,9,0,0,0,4,0,2,0,2,0
hugegraph-test/hugegraph-core,org.apache.hugegraph.exception,NotAllowException,9,0,0,0,4,0,2,0,2,0
hugegraph-test/hugegraph-core,org.apache.hugegraph.exception,HugeGremlinException,18,0,0,0,7,0,3,0,3,0
hugegraph-test/hugegraph-core,org.apache.hugegraph.exception,NotFoundException,15,0,0,0,6,0,3,0,3,0
hugegraph-test/hugegraph-core,org.apache.hugegraph.exception,NotSupportException,23,0,0,0,4,0,2,0,2,0
hugegraph-test/hugegraph-core,org.apache.hugegraph.exception,NoIndexException,9,0,0,0,4,0,2,0,2,0
hugegraph-test/hugegraph-core,org.apache.hugegraph.exception,ExistedException,20,0,0,0,4,0,2,0,2,0
hugegraph-test/hugegraph-core,org.apache.hugegraph.exception,ConnectionException,16,0,0,0,6,0,3,0,3,0
hugegraph-test/hugegraph-core,org.apache.hugegraph.traversal.algorithm.records.record,Int2ArrayRecord,40,0,0,0,11,0,8,0,8,0
hugegraph-test/hugegraph-core,org.apache.hugegraph.traversal.algorithm.records.record,SyncRecord,87,0,4,0,21,0,10,0,8,0
hugegraph-test/hugegraph-core,org.apache.hugegraph.traversal.algorithm.records.record,RecordType,88,0,6,0,18,0,9,0,5,0
hugegraph-test/hugegraph-core,org.apache.hugegraph.traversal.algorithm.records.record,Int2IntRecord,50,0,2,0,15,0,10,0,9,0
hugegraph-test/hugegraph-core,org.apache.hugegraph.traversal.algorithm.records.record,Int2SetRecord,63,0,2,0,14,0,9,0,8,0
hugegraph-test/hugegraph-core,org.apache.hugegraph.traversal.algorithm.records.record,RecordFactory,51,0,8,0,13,0,8,0,3,0
hugegraph-test/hugegraph-api,org.apache.hugegraph.api.profile,ProfileAPI.APIProfile,79,0,6,0,18,0,5,0,2,0
hugegraph-test/hugegraph-api,org.apache.hugegraph.api.profile,ProfileAPI.APICategory,44,0,2,0,9,0,3,0,2,0
hugegraph-test/hugegraph-api,org.apache.hugegraph.api.profile,ProfileAPI.APIProfile.ParamInfo,18,0,0,0,7,0,2,0,2,0
hugegraph-test/hugegraph-api,org.apache.hugegraph.api.profile,ProfileAPI,226,0,24,0,51,0,17,0,5,0
hugegraph-test/hugegraph-api,org.apache.hugegraph.api.profile,VersionAPI,19,0,0,0,5,0,2,0,2,0
hugegraph-test/hugegraph-api,org.apache.hugegraph.api.profile,WhiteIpListAPI,255,0,21,0,57,0,17,0,6,0
hugegraph-test/hugegraph-api,org.apache.hugegraph.api.profile,ProfileAPI.APIProfiles,36,0,0,0,10,0,4,0,4,0
hugegraph-test/hugegraph-api,org.apache.hugegraph.api.profile,GraphsAPI,289,0,12,0,65,0,21,0,15,0
hugegraph-test/hugegraph-api,org.apache.hugegraph.api.variables,VariablesAPI,124,0,6,0,20,0,11,0,8,0
hugegraph-test/hugegraph-api,org.apache.hugegraph.api.variables,VariablesAPI.JsonVariableValue,10,0,0,0,1,0,1,0,1,0
hugegraph-test/hugegraph-api,org.apache.hugegraph.api.auth,BelongAPI.JsonBelong,79,0,10,0,16,0,9,0,4,0
hugegraph-test/hugegraph-api,org.apache.hugegraph.api.auth,BelongAPI,198,0,8,0,41,0,11,0,7,0
hugegraph-test/hugegraph-api,org.apache.hugegraph.api.auth,AccessAPI.JsonAccess,105,0,14,0,20,0,11,0,4,0
hugegraph-test/hugegraph-api,org.apache.hugegraph.api.auth,TargetAPI.JsonTarget,102,0,18,0,19,0,13,0,4,0
hugegraph-test/hugegraph-api,org.apache.hugegraph.api.auth,TargetAPI,150,0,0,0,33,0,7,0,7,0
hugegraph-test/hugegraph-api,org.apache.hugegraph.api.auth,GroupAPI.JsonGroup,51,0,6,0,11,0,7,0,4,0
hugegraph-test/hugegraph-api,org.apache.hugegraph.api.auth,UserAPI,174,0,0,0,38,0,9,0,9,0
hugegraph-test/hugegraph-api,org.apache.hugegraph.api.auth,ProjectAPI.JsonProject,206,0,22,0,31,0,17,0,6,0
hugegraph-test/hugegraph-api,org.apache.hugegraph.api.auth,GroupAPI,150,0,0,0,33,0,7,0,7,0
hugegraph-test/hugegraph-api,org.apache.hugegraph.api.auth,ProjectAPI,225,0,4,0,47,0,11,0,9,0
hugegraph-test/hugegraph-api,org.apache.hugegraph.api.auth,UserAPI.JsonUser,127,0,26,0,24,0,17,0,4,0
hugegraph-test/hugegraph-api,org.apache.hugegraph.api.auth,AccessAPI,198,0,8,0,41,0,11,0,7,0
hugegraph-test/hugegraph-api,org.apache.hugegraph.api.auth,LoginAPI,120,0,4,0,29,0,7,0,5,0
hugegraph-test/hugegraph-api,org.apache.hugegraph.api.auth,LoginAPI.JsonLogin,24,0,4,0,4,0,4,0,2,0
hugegraph-test/hugegraph-api,org.apache.hugegraph.api.arthas,ArthasAPI,50,0,0,0,10,0,2,0,2,0
hugegraph-test/hugegraph-api,org.apache.hugegraph.version,ApiVersion,14,0,0,0,4,0,3,0,3,0
hugegraph-test/hugegraph-api,org.apache.hugegraph.server,ApplicationConfig.GraphManagerFactory,46,0,2,0,11,0,5,0,4,0
hugegraph-test/hugegraph-api,org.apache.hugegraph.server,ApplicationConfig.ConfFactory,25,0,0,0,8,0,4,0,4,0
hugegraph-test/hugegraph-api,org.apache.hugegraph.server,RestServer.new CompletionHandler() {...},28,0,0,0,8,0,5,0,5,0
hugegraph-test/hugegraph-api,org.apache.hugegraph.server,ApplicationConfig.GraphManagerFactory.new ApplicationEventListener() {...},64,0,6,0,16,0,6,0,3,0
hugegraph-test/hugegraph-api,org.apache.hugegraph.server,ApplicationConfig,62,0,0,0,12,0,1,0,1,0
hugegraph-test/hugegraph-api,org.apache.hugegraph.server,ApplicationConfig.WorkLoadFactory,24,0,0,0,7,0,4,0,4,0
hugegraph-test/hugegraph-api,org.apache.hugegraph.server,RestServer,359,0,20,0,84,0,19,0,9,0
hugegraph-test/hugegraph-api,org.apache.hugegraph.opencypher,CypherPlugin,58,0,0,0,16,0,8,0,8,0
hugegraph-test/hugegraph-api,org.apache.hugegraph.opencypher,CypherOpProcessor,460,0,24,0,121,0,33,0,21,0
hugegraph-test/hugegraph-api,org.apache.hugegraph.rpc,RpcClientProviderWithAuth,42,0,4,0,8,0,4,0,2,0
hugegraph-test/hugegraph-api,org.apache.hugegraph.api.cypher,CypherModel.Result,6,0,0,0,2,0,1,0,1,0
hugegraph-test/hugegraph-api,org.apache.hugegraph.api.cypher,CypherClient,250,0,26,0,53,0,23,0,10,0
hugegraph-test/hugegraph-api,org.apache.hugegraph.api.cypher,CypherManager,167,0,24,0,32,0,20,0,8,0
hugegraph-test/hugegraph-api,org.apache.hugegraph.api.cypher,CypherAPI,219,0,28,0,46,0,24,0,10,0
hugegraph-test/hugegraph-api,org.apache.hugegraph.api.cypher,CypherModel.Status,9,0,0,0,3,0,1,0,1,0
hugegraph-test/hugegraph-api,org.apache.hugegraph.api.cypher,CypherModel,48,0,0,0,14,0,3,0,3,0
hugegraph-test/hugegraph-api,org.apache.hugegraph.api.graph,BatchAPI,265,0,34,0,61,0,24,0,7,0
hugegraph-test/hugegraph-api,org.apache.hugegraph.api.graph,BatchAPI.JsonElement,3,0,0,0,1,0,1,0,1,0
hugegraph-test/hugegraph-api,org.apache.hugegraph.api.graph,EdgeAPI.JsonEdge,135,0,12,0,18,0,10,0,4,0
hugegraph-test/hugegraph-api,org.apache.hugegraph.api.graph,VertexAPI,716,0,52,0,134,0,46,0,20,0
hugegraph-test/hugegraph-api,org.apache.hugegraph.api.graph,EdgeAPI,947,0,60,0,164,0,54,0,24,0
hugegraph-test/hugegraph-api,org.apache.hugegraph.api.graph,EdgeAPI.BatchEdgeRequest,73,0,6,0,11,0,6,0,3,0
hugegraph-test/hugegraph-api,org.apache.hugegraph.api.graph,VertexAPI.JsonVertex,116,0,12,0,27,0,10,0,4,0
hugegraph-test/hugegraph-api,org.apache.hugegraph.api.graph,VertexAPI.BatchVertexRequest,59,0,4,0,10,0,5,0,3,0
hugegraph-test/hugegraph-api,org.apache.hugegraph.api,API,282,0,22,0,84,0,26,0,15,0
hugegraph-test/hugegraph-api,org.apache.hugegraph.api,API.ApiMeasurer,108,0,6,0,26,0,10,0,7,0
hugegraph-test/hugegraph-api,org.apache.hugegraph.api.job,GremlinAPI,52,0,0,0,14,0,3,0,3,0
hugegraph-test/hugegraph-api,org.apache.hugegraph.api.job,AlgorithmAPI,81,0,8,0,15,0,7,0,3,0
hugegraph-test/hugegraph-api,org.apache.hugegraph.api.job,ComputerAPI,83,0,8,0,16,0,7,0,3,0
hugegraph-test/hugegraph-api,org.apache.hugegraph.api.job,RebuildAPI,58,0,0,0,14,0,5,0,5,0
hugegraph-test/hugegraph-api,org.apache.hugegraph.api.job,TaskAPI,287,0,32,0,48,0,23,0,7,0
hugegraph-test/hugegraph-api,org.apache.hugegraph.api.job,GremlinAPI.GremlinRequest,207,0,6,0,55,0,18,0,15,0
hugegraph-test/hugegraph-api,org.apache.hugegraph.api.metrics,MetricsAPI,837,0,38,0,196,0,35,0,16,0
hugegraph-test/hugegraph-api,org.apache.hugegraph.api.raft,RaftAPI,235,0,2,0,52,0,10,0,9,0
hugegraph-test/hugegraph-api,org.apache.hugegraph.metrics,MetricsModule.TimerSerializer,201,0,4,0,34,0,4,0,2,0
hugegraph-test/hugegraph-api,org.apache.hugegraph.metrics,MetricsKeys,84,0,2,0,11,0,3,0,2,0
hugegraph-test/hugegraph-api,org.apache.hugegraph.metrics,MetricsUtil,453,0,10,0,103,0,22,0,17,0
hugegraph-test/hugegraph-api,org.apache.hugegraph.metrics,MetricsModule.CounterSerializer,14,0,0,0,6,0,2,0,2,0
hugegraph-test/hugegraph-api,org.apache.hugegraph.metrics,MetricsModule.GaugeSerializer,23,0,0,0,10,0,2,0,2,0
hugegraph-test/hugegraph-api,org.apache.hugegraph.metrics,SlowQueryLog,64,0,0,0,9,0,2,0,2,0
hugegraph-test/hugegraph-api,org.apache.hugegraph.metrics,MetricsModule,121,0,0,0,15,0,7,0,7,0
hugegraph-test/hugegraph-api,org.apache.hugegraph.metrics,MetricsModule.MetricRegistrySerializer,52,0,0,0,14,0,2,0,2,0
hugegraph-test/hugegraph-api,org.apache.hugegraph.metrics,MetricsModule.HistogramSerializer,78,0,2,0,20,0,3,0,2,0
hugegraph-test/hugegraph-api,org.apache.hugegraph.metrics,SystemMetrics,347,0,2,0,69,0,11,0,10,0
hugegraph-test/hugegraph-api,org.apache.hugegraph.metrics,ServerReporter,92,0,4,0,29,0,13,0,11,0
hugegraph-test/hugegraph-api,org.apache.hugegraph.metrics,MetricsModule.MeterSerializer,62,0,0,0,13,0,2,0,2,0
hugegraph-test/hugegraph-api,org.apache.hugegraph.api.traversers,CustomizedPathsAPI.SortBy,34,0,0,0,4,0,1,0,1,0
hugegraph-test/hugegraph-api,org.apache.hugegraph.api.traversers,TemplatePathsAPI,250,0,16,0,39,0,13,0,5,0
hugegraph-test/hugegraph-api,org.apache.hugegraph.api.traversers,RingsAPI,171,0,10,0,27,0,8,0,3,0
hugegraph-test/hugegraph-api,org.apache.hugegraph.api.traversers,MultiNodeShortestPathAPI,179,0,12,0,31,0,9,0,3,0
hugegraph-test/hugegraph-api,org.apache.hugegraph.api.traversers,TemplatePathsAPI.TemplatePathStep,44,0,0,0,5,0,2,0,2,0
hugegraph-test/hugegraph-api,org.apache.hugegraph.api.traversers,testAPI,75,0,0,0,11,0,2,0,2,0
hugegraph-test/hugegraph-api,org.apache.hugegraph.api.traversers,EdgesAPI,145,0,8,0,24,0,9,0,5,0
hugegraph-test/hugegraph-api,org.apache.hugegraph.api.traversers,FusiformSimilarityAPI.FusiformSimilarityRequest,109,0,0,0,16,0,2,0,2,0
hugegraph-test/hugegraph-api,org.apache.hugegraph.api.traversers,CustomizedCrosspointsAPI,252,0,20,0,46,0,14,0,4,0
hugegraph-test/hugegraph-api,org.apache.hugegraph.api.traversers,Vertices,157,0,24,0,24,0,16,0,4,0
hugegraph-test/hugegraph-api,org.apache.hugegraph.api.traversers,PersonalRankAPI.RankRequest,82,0,0,0,14,0,2,0,2,0
hugegraph-test/hugegraph-api,org.apache.hugegraph.api.traversers,JaccardSimilarityAPI,204,0,4,0,32,0,6,0,4,0
hugegraph-test/hugegraph-api,org.apache.hugegraph.api.traversers,CountAPI,121,0,10,0,20,0,9,0,4,0
hugegraph-test/hugegraph-api,org.apache.hugegraph.api.traversers,TraverserAPI.VEStepEntity,18,0,0,0,2,0,2,0,2,0
hugegraph-test/hugegraph-api,org.apache.hugegraph.api.traversers,graphcomputeAPI,104,0,2,0,17,0,4,0,3,0
hugegraph-test/hugegraph-api,org.apache.hugegraph.api.traversers,SameNeighborsAPI.Request,52,0,0,0,8,0,2,0,2,0
hugegraph-test/hugegraph-api,org.apache.hugegraph.api.traversers,VerticesAPI,145,0,8,0,24,0,9,0,5,0
hugegraph-test/hugegraph-api,org.apache.hugegraph.api.traversers,NeighborRankAPI.RankRequest,34,0,0,0,5,0,2,0,2,0
hugegraph-test/hugegraph-api,org.apache.hugegraph.api.traversers,KneighborAPI,374,0,34,0,64,0,21,0,4,0
hugegraph-test/hugegraph-api,org.apache.hugegraph.api.traversers,CountAPI.Step,61,0,0,0,9,0,3,0,3,0
hugegraph-test/hugegraph-api,org.apache.hugegraph.api.traversers,TemplatePathsAPI.Request,70,0,0,0,11,0,2,0,2,0
hugegraph-test/hugegraph-api,org.apache.hugegraph.api.traversers,CrosspointsAPI,106,0,0,0,15,0,3,0,3,0
hugegraph-test/hugegraph-api,org.apache.hugegraph.api.traversers,CustomizedPathsAPI.PathRequest,61,0,0,0,10,0,2,0,2,0
hugegraph-test/hugegraph-api,org.apache.hugegraph.api.traversers,ShortestPathAPI,163,0,8,0,27,0,7,0,3,0
hugegraph-test/hugegraph-api,org.apache.hugegraph.api.traversers,TraverserAPI.VESteps,42,0,0,0,7,0,2,0,2,0
hugegraph-test/hugegraph-api,org.apache.hugegraph.api.traversers,CustomizedPathsAPI,253,0,24,0,42,0,16,0,4,0
hugegraph-test/hugegraph-api,org.apache.hugegraph.api.traversers,SingleSourceShortestPathAPI,146,0,8,0,24,0,7,0,3,0
hugegraph-test/hugegraph-api,org.apache.hugegraph.api.traversers,KoutAPI.Request,97,0,0,0,15,0,2,0,2,0
hugegraph-test/hugegraph-api,org.apache.hugegraph.api.traversers,CustomizedCrosspointsAPI.Step,57,0,0,0,7,0,3,0,3,0
hugegraph-test/hugegraph-api,org.apache.hugegraph.api.traversers,WeightedShortestPathAPI,170,0,10,0,31,0,8,0,3,0
hugegraph-test/hugegraph-api,org.apache.hugegraph.api.traversers,ResourceAllocationAPI,85,0,2,0,11,0,3,0,2,0
hugegraph-test/hugegraph-api,org.apache.hugegraph.api.traversers,CustomizedCrosspointsAPI.CrosspointsRequest,65,0,0,0,11,0,2,0,2,0
hugegraph-test/hugegraph-api,org.apache.hugegraph.api.traversers,EdgeExistenceAPI,77,0,0,0,12,0,3,0,3,0
hugegraph-test/hugegraph-api,org.apache.hugegraph.api.traversers,KneighborAPI.Request,70,0,0,0,10,0,2,0,2,0
hugegraph-test/hugegraph-api,org.apache.hugegraph.api.traversers,NeighborRankAPI.Step,57,0,0,0,9,0,3,0,3,0
hugegraph-test/hugegraph-api,org.apache.hugegraph.api.traversers,testAPI.Request,70,0,0,0,10,0,2,0,2,0
hugegraph-test/hugegraph-api,org.apache.hugegraph.api.traversers,CustomizedCrosspointsAPI.PathPattern,10,0,0,0,1,0,1,0,1,0
hugegraph-test/hugegraph-api,org.apache.hugegraph.api.traversers,CustomizedPathsAPI.Step,88,0,0,0,13,0,3,0,3,0
hugegraph-test/hugegraph-api,org.apache.hugegraph.api.traversers,TraverserAPI.Step,42,0,0,0,6,0,2,0,2,0
hugegraph-test/hugegraph-api,org.apache.hugegraph.api.traversers,CountAPI.CountRequest,36,0,0,0,5,0,2,0,2,0
hugegraph-test/hugegraph-api,org.apache.hugegraph.api.traversers,AllShortestPathsAPI,179,0,12,0,30,0,9,0,3,0
hugegraph-test/hugegraph-api,org.apache.hugegraph.api.traversers,PersonalRankAPI,238,0,24,0,27,0,15,0,3,0
hugegraph-test/hugegraph-api,org.apache.hugegraph.api.traversers,MultiNodeShortestPathAPI.Request,52,0,0,0,8,0,2,0,2,0
hugegraph-test/hugegraph-api,org.apache.hugegraph.api.traversers,TraverserAPI,83,0,8,0,13,0,7,0,3,0
hugegraph-test/hugegraph-api,org.apache.hugegraph.api.traversers,CustomTaskManager.CustomTask,20,0,0,0,5,0,2,0,2,0
hugegraph-test/hugegraph-api,org.apache.hugegraph.api.traversers,kkneighborAPI,133,0,2,0,22,0,4,0,3,0
hugegraph-test/hugegraph-api,org.apache.hugegraph.api.traversers,KoutAPI,434,0,36,0,68,0,22,0,4,0
hugegraph-test/hugegraph-api,org.apache.hugegraph.api.traversers,PathsAPI.Request,76,0,0,0,11,0,2,0,2,0
hugegraph-test/hugegraph-api,org.apache.hugegraph.api.traversers,AdamicAdarAPI,85,0,2,0,12,0,3,0,2,0
hugegraph-test/hugegraph-api,org.apache.hugegraph.api.traversers,JaccardSimilarityAPI.Request,38,0,0,0,7,0,2,0,2,0
hugegraph-test/hugegraph-api,org.apache.hugegraph.api.traversers,PathsAPI,333,0,14,0,50,0,11,0,4,0
hugegraph-test/hugegraph-api,org.apache.hugegraph.api.traversers,CustomTaskManager,17,0,0,0,7,0,3,0,3,0
hugegraph-test/hugegraph-api,org.apache.hugegraph.api.traversers,FusiformSimilarityAPI,274,0,24,0,35,0,15,0,3,0
hugegraph-test/hugegraph-api,org.apache.hugegraph.api.traversers,kkneighborAPI.Request,70,0,0,0,10,0,2,0,2,0
[...]
hugegraph-test/hugegraph-scylladb,org.apache.hugegraph.backend.store.scylladb,ScyllaDBTablesWithMV.EdgeLabel,37,0,2,0,10,0,5,0,4,0
hugegraph-test/hugegraph-scylladb,org.apache.hugegraph.backend.store.scylladb,ScyllaDBMetrics,77,0,0,0,15,0,2,0,2,0
hugegraph-test/hugegraph-scylladb,org.apache.hugegraph.backend.store.scylladb,ScyllaDBTablesWithMV.Vertex,69,0,2,0,15,0,5,0,4,0
hugegraph-test/hugegraph-rocksdb,org.apache.hugegraph.backend.store.rocksdbsst,RocksDBSstStore.RocksDBSstGraphStore,110,0,0,0,19,0,5,0,5,0
hugegraph-test/hugegraph-rocksdb,org.apache.hugegraph.backend.store.rocksdbsst,RocksDBSstStore,29,0,2,0,5,0,3,0,2,0
hugegraph-test/hugegraph-rocksdb,org.apache.hugegraph.backend.store.rocksdbsst,RocksDBSstStoreProvider,13,0,0,0,3,0,3,0,3,0
hugegraph-test/hugegraph-rocksdb,org.apache.hugegraph.backend.store.rocksdbsst,RocksDBSstSessions,347,0,18,0,73,0,34,0,25,0
hugegraph-test/hugegraph-rocksdb,org.apache.hugegraph.backend.store.rocksdbsst,RocksDBSstSessions.SstSession,234,0,24,0,55,0,36,0,24,0
hugegraph-test/hugegraph-rocksdb,org.apache.hugegraph.backend.store.rocksdb,RocksDBSessions.Session,19,0,2,0,3,0,4,0,3,0
hugegraph-test/hugegraph-rocksdb,org.apache.hugegraph.backend.store.rocksdb,RocksDBIngester.SuffixFileVisitor,27,0,2,0,8,0,4,0,3,0
hugegraph-test/hugegraph-rocksdb,org.apache.hugegraph.backend.store.rocksdb,RocksDBMetrics,410,0,12,0,92,0,18,0,12,0
hugegraph-test/hugegraph-rocksdb,org.apache.hugegraph.backend.store.rocksdb,RocksDBIngester,103,0,8,0,24,0,8,0,4,0
hugegraph-test/hugegraph-rocksdb,org.apache.hugegraph.backend.store.rocksdb,RocksDBStdSessions.MgetIterator,96,0,10,0,23,0,10,0,5,0
hugegraph-test/hugegraph-rocksdb,org.apache.hugegraph.backend.store.rocksdb,RocksDBTables.Meta,57,0,2,0,17,0,5,0,4,0
hugegraph-test/hugegraph-rocksdb,org.apache.hugegraph.backend.store.rocksdb,RocksDBStore.RocksDBGraphStore,306,0,6,0,49,0,12,0,9,0
hugegraph-test/hugegraph-rocksdb,org.apache.hugegraph.backend.store.rocksdb,RocksDBTables.OlapRangeLongIndex,15,0,0,0,5,0,3,0,3,0
hugegraph-test/hugegraph-rocksdb,org.apache.hugegraph.backend.store.rocksdb,RocksDBTables.OlapRangeIntIndex,15,0,0,0,5,0,3,0,3,0
hugegraph-test/hugegraph-rocksdb,org.apache.hugegraph.backend.store.rocksdb,RocksDBIteratorPool,198,0,18,0,52,0,19,0,10,0
hugegraph-test/hugegraph-rocksdb,org.apache.hugegraph.backend.store.rocksdb,RocksDBSessions,14,0,0,0,2,0,1,0,1,0
hugegraph-test/hugegraph-rocksdb,org.apache.hugegraph.backend.store.rocksdb,RocksDBStdSessions,1529,0,82,0,311,0,75,0,34,0
hugegraph-test/hugegraph-rocksdb,org.apache.hugegraph.backend.store.rocksdb,RocksDBTables.OlapTable,19,0,0,0,5,0,4,0,4,0
hugegraph-test/hugegraph-rocksdb,org.apache.hugegraph.backend.store.rocksdb,RocksDBTables.VertexLabel,9,0,0,0,3,0,2,0,2,0
hugegraph-test/hugegraph-rocksdb,org.apache.hugegraph.backend.store.rocksdb,OpenedRocksDB.CFHandle,162,0,20,0,33,0,18,0,8,0
hugegraph-test/hugegraph-rocksdb,org.apache.hugegraph.backend.store.rocksdb,RocksDBTables.OlapRangeFloatIndex,15,0,0,0,5,0,3,0,3,0
hugegraph-test/hugegraph-rocksdb,org.apache.hugegraph.backend.store.rocksdb,RocksDBTables.Vertex,19,0,0,0,5,0,4,0,4,0
hugegraph-test/hugegraph-rocksdb,org.apache.hugegraph.backend.store.rocksdb,RocksDBStoreProvider,107,0,0,0,20,0,9,0,9,0
hugegraph-test/hugegraph-rocksdb,org.apache.hugegraph.backend.store.rocksdb,RocksDBTables.RangeIntIndex,9,0,0,0,3,0,2,0,2,0
hugegraph-test/hugegraph-rocksdb,org.apache.hugegraph.backend.store.rocksdb,RocksDBOptions,989,0,2,0,202,0,3,0,2,0
hugegraph-test/hugegraph-rocksdb,org.apache.hugegraph.backend.store.rocksdb,RocksDBTable,644,0,84,0,122,0,70,0,28,0
hugegraph-test/hugegraph-rocksdb,org.apache.hugegraph.backend.store.rocksdb,RocksDBTables.SecondaryIndex,9,0,0,0,3,0,2,0,2,0
hugegraph-test/hugegraph-rocksdb,org.apache.hugegraph.backend.store.rocksdb,RocksDBStdSessions.ScanIterator,430,0,84,0,90,0,54,0,12,0
hugegraph-test/hugegraph-rocksdb,org.apache.hugegraph.backend.store.rocksdb,RocksDBTables.IndexLabel,9,0,0,0,3,0,2,0,2,0
hugegraph-test/hugegraph-rocksdb,org.apache.hugegraph.backend.store.rocksdb,RocksDBTables.SearchIndex,9,0,0,0,3,0,2,0,2,0
hugegraph-test/hugegraph-rocksdb,org.apache.hugegraph.backend.store.rocksdb,RocksDBStdSessions.StdSession,527,0,36,0,124,0,44,0,26,0
hugegraph-test/hugegraph-rocksdb,org.apache.hugegraph.backend.store.rocksdb,RocksDBStore,1940,0,181,0,451,0,151,0,58,0
hugegraph-test/hugegraph-rocksdb,org.apache.hugegraph.backend.store.rocksdb,RocksDBTables.OlapSecondaryIndex,15,0,0,0,5,0,3,0,3,0
hugegraph-test/hugegraph-rocksdb,org.apache.hugegraph.backend.store.rocksdb,RocksDBTables.RangeIndex,142,0,18,0,39,0,14,0,3,0
hugegraph-test/hugegraph-rocksdb,org.apache.hugegraph.backend.store.rocksdb,RocksDBTables.OlapRangeDoubleIndex,15,0,0,0,5,0,3,0,3,0
hugegraph-test/hugegraph-rocksdb,org.apache.hugegraph.backend.store.rocksdb,RocksDBTables.RangeDoubleIndex,9,0,0,0,3,0,2,0,2,0
hugegraph-test/hugegraph-rocksdb,org.apache.hugegraph.backend.store.rocksdb,RocksDBTables.VertexLabelIndex,9,0,0,0,3,0,2,0,2,0
hugegraph-test/hugegraph-rocksdb,org.apache.hugegraph.backend.store.rocksdb,RocksDBTables.PropertyKey,9,0,0,0,3,0,2,0,2,0
hugegraph-test/hugegraph-rocksdb,org.apache.hugegraph.backend.store.rocksdb,RocksDBFeatures,49,0,0,0,24,0,24,0,24,0
hugegraph-test/hugegraph-rocksdb,org.apache.hugegraph.backend.store.rocksdb,RocksDBTables.ShardIndex,9,0,0,0,3,0,2,0,2,0
hugegraph-test/hugegraph-rocksdb,org.apache.hugegraph.backend.store.rocksdb,RocksDBTables.SchemaTable,43,0,4,0,12,0,5,0,3,0
hugegraph-test/hugegraph-rocksdb,org.apache.hugegraph.backend.store.rocksdb,OpenedRocksDB,176,0,8,0,41,0,16,0,12,0
hugegraph-test/hugegraph-rocksdb,org.apache.hugegraph.backend.store.rocksdb,RocksDBIteratorPool.ReusedRocksIterator,38,0,4,0,12,0,6,0,4,0
hugegraph-test/hugegraph-rocksdb,org.apache.hugegraph.backend.store.rocksdb,RocksDBStore.RocksDBSchemaStore,103,0,0,0,25,0,5,0,5,0
hugegraph-test/hugegraph-rocksdb,org.apache.hugegraph.backend.store.rocksdb,RocksDBTables.RangeLongIndex,9,0,0,0,3,0,2,0,2,0
hugegraph-test/hugegraph-rocksdb,org.apache.hugegraph.backend.store.rocksdb,RocksDBTables.IndexTable,40,0,4,0,10,0,6,0,4,0
hugegraph-test/hugegraph-rocksdb,org.apache.hugegraph.backend.store.rocksdb,RocksDBTables,3,0,0,0,1,0,1,0,1,0
hugegraph-test/hugegraph-rocksdb,org.apache.hugegraph.backend.store.rocksdb,RocksDBTables.EdgeLabel,9,0,0,0,3,0,2,0,2,0
hugegraph-test/hugegraph-rocksdb,org.apache.hugegraph.backend.store.rocksdb,RocksDBTables.EdgeLabelIndex,9,0,0,0,3,0,2,0,2,0
hugegraph-test/hugegraph-rocksdb,org.apache.hugegraph.backend.store.rocksdb,RocksDBTables.Edge,37,0,2,0,6,0,6,0,5,0
hugegraph-test/hugegraph-rocksdb,org.apache.hugegraph.backend.store.rocksdb,RocksDBTable.RocksDBShardSplitter,131,0,14,0,24,0,12,0,5,0
hugegraph-test/hugegraph-rocksdb,org.apache.hugegraph.backend.store.rocksdb,RocksDBTables.Counters,69,0,4,0,18,0,8,0,6,0
hugegraph-test/hugegraph-rocksdb,org.apache.hugegraph.backend.store.rocksdb,RocksDBTables.UniqueIndex,9,0,0,0,3,0,2,0,2,0
hugegraph-test/hugegraph-rocksdb,org.apache.hugegraph.backend.store.rocksdb,RocksDBStore.RocksDBSystemStore,72,0,0,0,21,0,4,0,4,0
hugegraph-test/hugegraph-rocksdb,org.apache.hugegraph.backend.store.rocksdb,RocksDBTables.RangeFloatIndex,9,0,0,0,3,0,2,0,2,0
hugegraph-test/hugegraph-hbase,org.apache.hugegraph.backend.store.hbase,HbaseMetrics,482,0,10,0,115,0,14,0,9,0
hugegraph-test/hugegraph-hbase,org.apache.hugegraph.backend.store.hbase,HbaseTables.SecondaryIndex,11,0,0,0,3,0,2,0,2,0
hugegraph-test/hugegraph-hbase,org.apache.hugegraph.backend.store.hbase,HbaseSessions.Session,716,0,76,0,158,0,67,0,29,0
hugegraph-test/hugegraph-hbase,org.apache.hugegraph.backend.store.hbase,HbaseTables.Vertex,41,0,2,0,10,0,4,0,3,0
hugegraph-test/hugegraph-hbase,org.apache.hugegraph.backend.store.hbase,HbaseTables.EdgeLabel,8,0,0,0,3,0,2,0,2,0
hugegraph-test/hugegraph-hbase,org.apache.hugegraph.backend.store.hbase,HbaseSessions,593,0,44,0,135,0,44,0,22,0
hugegraph-test/hugegraph-hbase,org.apache.hugegraph.backend.store.hbase,HbaseStore.HbaseSchemaStore,81,0,0,0,18,0,5,0,5,0
hugegraph-test/hugegraph-hbase,org.apache.hugegraph.backend.store.hbase,HbaseTables.RangeIndex,32,0,0,0,6,0,5,0,5,0
hugegraph-test/hugegraph-hbase,org.apache.hugegraph.backend.store.hbase,HbaseTables.EdgeLabelIndex,11,0,0,0,3,0,2,0,2,0
hugegraph-test/hugegraph-hbase,org.apache.hugegraph.backend.store.hbase,HbaseStore,857,0,57,0,198,0,63,0,32,0
hugegraph-test/hugegraph-hbase,org.apache.hugegraph.backend.store.hbase,HbaseTables.VertexLabelIndex,11,0,0,0,3,0,2,0,2,0
hugegraph-test/hugegraph-hbase,org.apache.hugegraph.backend.store.hbase,HbaseSessions.CountSession,110,0,4,0,23,0,14,0,12,0
hugegraph-test/hugegraph-hbase,org.apache.hugegraph.backend.store.hbase,HbaseTables.SearchIndex,11,0,0,0,3,0,2,0,2,0
hugegraph-test/hugegraph-hbase,org.apache.hugegraph.backend.store.hbase,HbaseStoreProvider,38,0,0,0,7,0,7,0,7,0
hugegraph-test/hugegraph-hbase,org.apache.hugegraph.backend.store.hbase,HbaseSerializer,72,0,6,0,13,0,6,0,3,0
hugegraph-test/hugegraph-hbase,org.apache.hugegraph.backend.store.hbase,HbaseTables.PropertyKey,8,0,0,0,3,0,2,0,2,0
hugegraph-test/hugegraph-hbase,org.apache.hugegraph.backend.store.hbase,HbaseTables.Edge,130,0,12,0,25,0,13,0,7,0
hugegraph-test/hugegraph-hbase,org.apache.hugegraph.backend.store.hbase,HbaseTables.ShardIndex,11,0,0,0,3,0,2,0,2,0
hugegraph-test/hugegraph-hbase,org.apache.hugegraph.backend.store.hbase,HbaseTables.Meta,67,0,2,0,18,0,5,0,4,0
hugegraph-test/hugegraph-hbase,org.apache.hugegraph.backend.store.hbase,HbaseTables.IndexLabel,8,0,0,0,3,0,2,0,2,0
hugegraph-test/hugegraph-hbase,org.apache.hugegraph.backend.store.hbase,HbaseSessions.HbaseSession,150,0,8,0,29,0,11,0,7,0
hugegraph-test/hugegraph-hbase,org.apache.hugegraph.backend.store.hbase,HbaseTable,557,0,58,0,112,0,55,0,26,0
hugegraph-test/hugegraph-hbase,org.apache.hugegraph.backend.store.hbase,HbaseTables.Counters,58,0,2,0,13,0,5,0,4,0
hugegraph-test/hugegraph-hbase,org.apache.hugegraph.backend.store.hbase,HbaseTable.HbaseShardSplitter,253,0,14,0,53,0,15,0,8,0
hugegraph-test/hugegraph-hbase,org.apache.hugegraph.backend.store.hbase,HbaseTables,3,0,0,0,1,0,1,0,1,0
hugegraph-test/hugegraph-hbase,org.apache.hugegraph.backend.store.hbase,HbaseTables.UniqueIndex,11,0,0,0,3,0,2,0,2,0
hugegraph-test/hugegraph-hbase,org.apache.hugegraph.backend.store.hbase,HbaseStore.HbaseSystemStore,52,0,0,0,14,0,4,0,4,0
hugegraph-test/hugegraph-hbase,org.apache.hugegraph.backend.store.hbase,HbaseSessions.RowIterator,92,0,8,0,26,0,10,0,6,0
hugegraph-test/hugegraph-hbase,org.apache.hugegraph.backend.store.hbase,HbaseStore.HbaseGraphStore,120,0,0,0,27,0,5,0,5,0
hugegraph-test/hugegraph-hbase,org.apache.hugegraph.backend.store.hbase,HbaseFeatures,58,0,4,0,24,0,24,0,22,0
hugegraph-test/hugegraph-hbase,org.apache.hugegraph.backend.store.hbase,HbaseTables.VertexLabel,8,0,0,0,3,0,2,0,2,0
hugegraph-test/hugegraph-hbase,org.apache.hugegraph.backend.store.hbase,HbaseTables.IndexTable,175,0,16,0,35,0,16,0,8,0
hugegraph-test/hugegraph-hbase,org.apache.hugegraph.backend.store.hbase,HbaseOptions,152,0,2,0,39,0,3,0,2,0
hugegraph-test/hugegraph-mysql,org.apache.hugegraph.backend.store.mysql,MysqlTables.Counters,155,0,4,0,27,0,7,0,5,0
hugegraph-test/hugegraph-mysql,org.apache.hugegraph.backend.store.mysql,MysqlSessions.Session,381,0,44,0,125,0,45,0,23,0
hugegraph-test/hugegraph-mysql,org.apache.hugegraph.backend.store.mysql,MysqlOptions,97,0,2,0,26,0,4,0,3,0
hugegraph-test/hugegraph-mysql,org.apache.hugegraph.backend.store.mysql,MysqlTables.RangeLongIndex,82,0,0,0,11,0,3,0,3,0
hugegraph-test/hugegraph-mysql,org.apache.hugegraph.backend.store.mysql,MysqlTable,1839,0,158,0,408,0,138,0,58,0
hugegraph-test/hugegraph-mysql,org.apache.hugegraph.backend.store.mysql,MysqlTables.RangeIndex,103,0,0,0,14,0,3,0,3,0
hugegraph-test/hugegraph-mysql,org.apache.hugegraph.backend.store.mysql,MysqlTables.RangeFloatIndex,82,0,0,0,11,0,3,0,3,0
hugegraph-test/hugegraph-mysql,org.apache.hugegraph.backend.store.mysql,MysqlTables.EdgeLabel,181,0,0,0,21,0,3,0,3,0
hugegraph-test/hugegraph-mysql,org.apache.hugegraph.backend.store.mysql,MysqlStore,575,0,45,0,163,0,57,0,32,0
hugegraph-test/hugegraph-mysql,org.apache.hugegraph.backend.store.mysql,MysqlTables.RangeDoubleIndex,82,0,0,0,11,0,3,0,3,0
hugegraph-test/hugegraph-mysql,org.apache.hugegraph.backend.store.mysql,ResultSetWrapper,52,0,8,0,16,0,8,0,4,0
hugegraph-test/hugegraph-mysql,org.apache.hugegraph.backend.store.mysql,MysqlStore.MysqlSchemaStore,75,0,0,0,18,0,5,0,5,0
hugegraph-test/hugegraph-mysql,org.apache.hugegraph.backend.store.mysql,MysqlTables.IndexLabel,115,0,0,0,15,0,3,0,3,0
hugegraph-test/hugegraph-mysql,org.apache.hugegraph.backend.store.mysql,MysqlStore.MysqlGraphStore,96,0,0,0,19,0,5,0,5,0
hugegraph-test/hugegraph-mysql,org.apache.hugegraph.backend.store.mysql,MysqlUtil,178,0,29,0,59,0,25,0,5,0
hugegraph-test/hugegraph-mysql,org.apache.hugegraph.backend.store.mysql,MysqlTables.UniqueIndex,10,0,0,0,3,0,2,0,2,0
hugegraph-test/hugegraph-mysql,org.apache.hugegraph.backend.store.mysql,MysqlTables.Vertex,74,0,0,0,11,0,3,0,3,0
hugegraph-test/hugegraph-mysql,org.apache.hugegraph.backend.store.mysql,MysqlBackendEntry,21,0,0,0,8,0,4,0,4,0
hugegraph-test/hugegraph-mysql,org.apache.hugegraph.backend.store.mysql,MysqlStoreProvider,35,0,0,0,7,0,7,0,7,0
hugegraph-test/hugegraph-mysql,org.apache.hugegraph.backend.store.mysql,WhereBuilder,544,0,54,0,108,0,47,0,17,0
hugegraph-test/hugegraph-mysql,org.apache.hugegraph.backend.store.mysql,MysqlTables.SecondaryIndex,106,0,0,0,14,0,4,0,4,0
hugegraph-test/hugegraph-mysql,org.apache.hugegraph.backend.store.mysql,MysqlStore.MysqlSystemStore,55,0,0,0,15,0,4,0,4,0
hugegraph-test/hugegraph-mysql,org.apache.hugegraph.backend.store.mysql,MysqlSessions,521,0,24,0,111,0,38,0,26,0
hugegraph-test/hugegraph-mysql,org.apache.hugegraph.backend.store.mysql,MysqlTables,14,0,0,0,2,0,2,0,2,0
hugegraph-test/hugegraph-mysql,org.apache.hugegraph.backend.store.mysql,MysqlTables.ShardIndex,106,0,0,0,15,0,4,0,4,0
hugegraph-test/hugegraph-mysql,org.apache.hugegraph.backend.store.mysql,MysqlTables.VertexLabel,159,0,0,0,19,0,3,0,3,0
hugegraph-test/hugegraph-mysql,org.apache.hugegraph.backend.store.mysql,MysqlFeatures,45,0,0,0,22,0,22,0,22,0
hugegraph-test/hugegraph-mysql,org.apache.hugegraph.backend.store.mysql,MysqlTables.RangeIntIndex,82,0,0,0,11,0,3,0,3,0
hugegraph-test/hugegraph-mysql,org.apache.hugegraph.backend.store.mysql,MysqlEntryIterator.PagePosition,60,0,2,0,15,0,6,0,5,0
hugegraph-test/hugegraph-mysql,org.apache.hugegraph.backend.store.mysql,MysqlTables.Meta,152,0,4,0,28,0,7,0,5,0
hugegraph-test/hugegraph-mysql,org.apache.hugegraph.backend.store.mysql,MysqlTables.Index,4,0,0,0,2,0,1,0,1,0
hugegraph-test/hugegraph-mysql,org.apache.hugegraph.backend.store.mysql,MysqlTables.MysqlTableTemplate,7,0,0,0,3,0,2,0,2,0
hugegraph-test/hugegraph-mysql,org.apache.hugegraph.backend.store.mysql,MysqlTable.MysqlShardSplitter,88,0,4,0,13,0,6,0,4,0
hugegraph-test/hugegraph-mysql,org.apache.hugegraph.backend.store.mysql,MysqlTables.Edge,426,0,32,0,71,0,27,0,11,0
hugegraph-test/hugegraph-mysql,org.apache.hugegraph.backend.store.mysql,MysqlMetrics,8,0,0,0,2,0,2,0,2,0
hugegraph-test/hugegraph-mysql,org.apache.hugegraph.backend.store.mysql,MysqlTables.SearchIndex,10,0,0,0,3,0,2,0,2,0
hugegraph-test/hugegraph-mysql,org.apache.hugegraph.backend.store.mysql,MysqlSerializer,278,0,22,0,60,0,27,0,16,0
hugegraph-test/hugegraph-mysql,org.apache.hugegraph.backend.store.mysql,MysqlEntryIterator,287,0,40,0,66,0,30,0,10,0
hugegraph-test/hugegraph-mysql,org.apache.hugegraph.backend.store.mysql,MysqlTables.PropertyKey,126,0,0,0,16,0,3,0,3,0
hugegraph-test/hugegraph-postgresql,org.apache.hugegraph.backend.store.postgresql,PostgresqlTables,31,0,0,0,12,0,2,0,2,0
hugegraph-test/hugegraph-postgresql,org.apache.hugegraph.backend.store.postgresql,PostgresqlTable.PgWhereBuilder,13,0,2,0,5,0,3,0,2,0
hugegraph-test/hugegraph-postgresql,org.apache.hugegraph.backend.store.postgresql,PostgresqlStoreProvider.PostgresqlSchemaStore,75,0,0,0,18,0,5,0,5,0
hugegraph-test/hugegraph-postgresql,org.apache.hugegraph.backend.store.postgresql,PostgresqlTables.UniqueIndex,8,0,0,0,3,0,2,0,2,0
hugegraph-test/hugegraph-postgresql,org.apache.hugegraph.backend.store.postgresql,PostgresqlStore,15,0,0,0,3,0,2,0,2,0
hugegraph-test/hugegraph-postgresql,org.apache.hugegraph.backend.store.postgresql,PostgresqlTables.IndexLabel,7,0,0,0,2,0,1,0,1,0
hugegraph-test/hugegraph-postgresql,org.apache.hugegraph.backend.store.postgresql,PostgresqlTables.RangeLongIndex,19,0,0,0,4,0,3,0,3,0
hugegraph-test/hugegraph-postgresql,org.apache.hugegraph.backend.store.postgresql,PostgresqlTables.PropertyKey,7,0,0,0,2,0,1,0,1,0
hugegraph-test/hugegraph-postgresql,org.apache.hugegraph.backend.store.postgresql,PostgresqlTables.Vertex,12,0,0,0,3,0,2,0,2,0
hugegraph-test/hugegraph-postgresql,org.apache.hugegraph.backend.store.postgresql,PostgresqlTables.Edge,35,0,0,0,9,0,4,0,4,0
hugegraph-test/hugegraph-postgresql,org.apache.hugegraph.backend.store.postgresql,PostgresqlTables.SearchIndex,8,0,0,0,3,0,2,0,2,0
hugegraph-test/hugegraph-postgresql,org.apache.hugegraph.backend.store.postgresql,PostgresqlTables.RangeDoubleIndex,19,0,0,0,6,0,3,0,3,0
hugegraph-test/hugegraph-postgresql,org.apache.hugegraph.backend.store.postgresql,PostgresqlTable,288,0,24,0,64,0,23,0,11,0
hugegraph-test/hugegraph-postgresql,org.apache.hugegraph.backend.store.postgresql,PostgresqlTables.SecondaryIndex,27,0,0,0,6,0,4,0,4,0
hugegraph-test/hugegraph-postgresql,org.apache.hugegraph.backend.store.postgresql,PostgresqlStoreProvider.PostgresqlSystemStore,59,0,0,0,17,0,4,0,4,0
hugegraph-test/hugegraph-postgresql,org.apache.hugegraph.backend.store.postgresql,PostgresqlTables.RangeIntIndex,19,0,0,0,4,0,3,0,3,0
hugegraph-test/hugegraph-postgresql,org.apache.hugegraph.backend.store.postgresql,PostgresqlStoreProvider.PostgresqlGraphStore,102,0,0,0,17,0,5,0,5,0
hugegraph-test/hugegraph-postgresql,org.apache.hugegraph.backend.store.postgresql,PostgresqlTables.Counters,80,0,0,0,14,0,3,0,3,0
hugegraph-test/hugegraph-postgresql,org.apache.hugegraph.backend.store.postgresql,PostgresqlSerializer,63,0,8,0,15,0,6,0,2,0
hugegraph-test/hugegraph-postgresql,org.apache.hugegraph.backend.store.postgresql,PostgresqlTables.VertexLabel,7,0,0,0,2,0,1,0,1,0
hugegraph-test/hugegraph-postgresql,org.apache.hugegraph.backend.store.postgresql,PostgresqlTables.RangeFloatIndex,19,0,0,0,4,0,3,0,3,0
hugegraph-test/hugegraph-postgresql,org.apache.hugegraph.backend.store.postgresql,PostgresqlTables.PostgresqlTableTemplate,12,0,0,0,4,0,2,0,2,0
hugegraph-test/hugegraph-postgresql,org.apache.hugegraph.backend.store.postgresql,PostgresqlStoreProvider,35,0,0,0,7,0,7,0,7,0
hugegraph-test/hugegraph-postgresql,org.apache.hugegraph.backend.store.postgresql,PostgresqlSessions,192,0,4,0,40,0,12,0,10,0
hugegraph-test/hugegraph-postgresql,org.apache.hugegraph.backend.store.postgresql,PostgresqlTables.Meta,55,0,0,0,12,0,3,0,3,0
hugegraph-test/hugegraph-postgresql,org.apache.hugegraph.backend.store.postgresql,PostgresqlTables.ShardIndex,14,0,0,0,3,0,2,0,2,0
hugegraph-test/hugegraph-postgresql,org.apache.hugegraph.backend.store.postgresql,PostgresqlTables.EdgeLabel,7,0,0,0,2,0,1,0,1,0
hugegraph-test/hugegraph-postgresql,org.apache.hugegraph.backend.store.postgresql,PostgresqlOptions,19,0,2,0,6,0,3,0,2,0
hugegraph-test/hugegraph-dist,org.apache.hugegraph.cmd,StoreDumper,173,0,14,0,34,0,14,0,7,0
hugegraph-test/hugegraph-dist,org.apache.hugegraph.cmd,InitStore,229,0,18,0,61,0,14,0,5,0
hugegraph-test/hugegraph-dist,org.apache.hugegraph.cmd,ConfDumper,111,0,4,0,22,0,6,0,4,0
hugegraph-test/hugegraph-dist,org.apache.hugegraph.dist,HugeRestServer,11,0,0,0,3,0,3,0,3,0
hugegraph-test/hugegraph-dist,org.apache.hugegraph.dist,RegisterUtil,276,0,16,0,86,0,24,0,13,0
hugegraph-test/hugegraph-dist,org.apache.hugegraph.dist,HugeGremlinServer,73,0,2,0,21,0,5,0,4,0
hugegraph-test/hugegraph-dist,org.apache.hugegraph.dist,HugeGraphServer,175,0,2,0,64,0,7,0,6,0
hugegraph-test/hugegraph-dist,org.apache.hugegraph.dist,DistOptions,24,0,2,0,6,0,3,0,2,0
